Log file open, 11/12/19 15:04:06
LogWindows: Failed to load 'aqProf.dll' (GetLastError=126)
LogWindows: File 'aqProf.dll' does not exist
LogWindows: Failed to load 'VtuneApi.dll' (GetLastError=126)
LogWindows: File 'VtuneApi.dll' does not exist
LogWindows: Failed to load 'VtuneApi32e.dll' (GetLastError=126)
LogWindows: File 'VtuneApi32e.dll' does not exist
LogConsoleResponse: Display: Failed to find resolution value strings in scalability ini. Falling back to default.
LogInit: Display: Running engine for game: BootcampUnreal
LogPakFile: Registered encryption key '00000000000000000000000000000000': 0 pak files mounted, 0 remain pending
LogPlatformFile: Not using cached read wrapper
LogTaskGraph: Started task graph with 5 named threads and 23 total threads with 3 sets of task threads.
LogStats: Stats thread started at 3.599499
LogD3D11RHI: Loaded GFSDK_Aftermath_Lib.x64.dll
LogICUInternationalization: ICU TimeZone Detection - Raw Offset: -3:00, Platform Override: ''
LogPluginManager: Mounting plugin Paper2D
LogPluginManager: Mounting plugin AISupport
LogPluginManager: Mounting plugin LightPropagationVolume
LogPluginManager: Mounting plugin ActorLayerUtilities
LogPluginManager: Mounting plugin AnimationSharing
LogPluginManager: Mounting plugin CLionSourceCodeAccess
LogPluginManager: Mounting plugin CodeLiteSourceCodeAccess
LogPluginManager: Mounting plugin GitSourceControl
LogPluginManager: Mounting plugin KDevelopSourceCodeAccess
LogPluginManager: Mounting plugin NullSourceCodeAccess
LogPluginManager: Mounting plugin PerforceSourceControl
LogPluginManager: Mounting plugin SubversionSourceControl
LogPluginManager: Mounting plugin UObjectPlugin
LogPluginManager: Mounting plugin VisualStudioCodeSourceCodeAccess
LogPluginManager: Mounting plugin VisualStudioSourceCodeAccess
LogPluginManager: Mounting plugin XCodeSourceCodeAccess
LogPluginManager: Mounting plugin AssetManagerEditor
LogPluginManager: Mounting plugin CryptoKeys
LogPluginManager: Mounting plugin DataValidation
LogPluginManager: Mounting plugin FacialAnimation
LogPluginManager: Mounting plugin GameplayTagsEditor
LogPluginManager: Mounting plugin MacGraphicsSwitching
LogPluginManager: Mounting plugin MaterialAnalyzer
LogPluginManager: Mounting plugin MobileLauncherProfileWizard
LogPluginManager: Mounting plugin PluginBrowser
LogPluginManager: Mounting plugin SpeedTreeImporter
LogPluginManager: Mounting plugin DatasmithContent
LogPluginManager: Mounting plugin VariantManagerContent
LogPluginManager: Mounting plugin AlembicImporter
LogPluginManager: Mounting plugin AppleImageUtils
LogPluginManager: Mounting plugin AppleVision
LogPluginManager: Mounting plugin BackChannel
LogPluginManager: Mounting plugin CharacterAI
LogPluginManager: Mounting plugin GeometryCache
LogPluginManager: Mounting plugin HTML5Networking
LogPluginManager: Mounting plugin ProxyLODPlugin
LogPluginManager: Mounting plugin SkeletalReduction
LogPluginManager: Mounting plugin MagicLeap
LogPluginManager: Mounting plugin MagicLeapMedia
LogPluginManager: Mounting plugin AndroidMedia
LogPluginManager: Mounting plugin AvfMedia
LogPluginManager: Mounting plugin ImgMedia
LogPluginManager: Mounting plugin LinearTimecode
LogPluginManager: Mounting plugin MediaCompositing
LogPluginManager: Mounting plugin MediaPlayerEditor
LogPluginManager: Mounting plugin WebMMedia
LogPluginManager: Mounting plugin WmfMedia
LogPluginManager: Mounting plugin TcpMessaging
LogPluginManager: Mounting plugin UdpMessaging
LogPluginManager: Mounting plugin ActorSequence
LogPluginManager: Mounting plugin LevelSequenceEditor
LogPluginManager: Mounting plugin MatineeToLevelSequence
LogPluginManager: Mounting plugin NetcodeUnitTest
LogPluginManager: Mounting plugin NUTUnrealEngine4
LogPluginManager: Mounting plugin OnlineSubsystemGooglePlay
LogPluginManager: Mounting plugin OnlineSubsystemIOS
LogPluginManager: Mounting plugin OnlineSubsystem
LogPluginManager: Mounting plugin OnlineSubsystemNull
LogPluginManager: Mounting plugin OnlineSubsystemUtils
LogPluginManager: Mounting plugin LauncherChunkInstaller
LogPluginManager: Mounting plugin AndroidDeviceProfileSelector
LogPluginManager: Mounting plugin AndroidMoviePlayer
LogPluginManager: Mounting plugin AndroidPermission
LogPluginManager: Mounting plugin AppleMoviePlayer
LogPluginManager: Mounting plugin ArchVisCharacter
LogPluginManager: Mounting plugin AudioCapture
LogPluginManager: Mounting plugin CableComponent
LogPluginManager: Mounting plugin CustomMeshComponent
LogPluginManager: Mounting plugin EditableMesh
LogPluginManager: Mounting plugin ExampleDeviceProfileSelector
LogPluginManager: Mounting plugin Firebase
LogPluginManager: Mounting plugin GoogleCloudMessaging
LogPluginManager: Mounting plugin IOSDeviceProfileSelector
LogPluginManager: Mounting plugin LinuxDeviceProfileSelector
LogPluginManager: Mounting plugin LocationServicesBPLibrary
LogPluginManager: Mounting plugin MobilePatchingUtils
LogPluginManager: Mounting plugin OculusVR
LogPluginManager: Mounting plugin PhysXVehicles
LogPluginManager: Mounting plugin ProceduralMeshComponent
LogPluginManager: Mounting plugin RuntimePhysXCooking
LogPluginManager: Mounting plugin SignificanceManager
LogPluginManager: Mounting plugin SteamVR
LogPluginManager: Mounting plugin WebMMoviePlayer
LogPluginManager: Mounting plugin WindowsMoviePlayer
LogInit: Using libcurl 7.55.1-DEV
LogInit:  - built for x86_64-pc-win32
LogInit:  - supports SSL with OpenSSL/1.1.1
LogInit:  - supports HTTP deflate (compression) using libz 1.2.8
LogInit:  - other features:
LogInit:      CURL_VERSION_SSL
LogInit:      CURL_VERSION_LIBZ
LogInit:      CURL_VERSION_IPV6
LogInit:      CURL_VERSION_ASYNCHDNS
LogInit:      CURL_VERSION_LARGEFILE
LogInit:      CURL_VERSION_IDN
LogInit:  CurlRequestOptions (configurable via config and command line):
LogInit:  - bVerifyPeer = true  - Libcurl will verify peer certificate
LogInit:  - bUseHttpProxy = false  - Libcurl will NOT use HTTP proxy
LogInit:  - bDontReuseConnections = false  - Libcurl will reuse connections
LogInit:  - MaxHostConnections = 16  - Libcurl will limit the number of connections to a host
LogInit:  - LocalHostAddr = Default
LogInit:  - BufferSize = 65536
LogInit: WinSock: version 1.1 (2.2), MaxSocks=32767, MaxUdp=65467
LogInit: Build: ++UE4+Release-4.22-CL-7053642
LogInit: Engine Version: 4.22.3-7053642+++UE4+Release-4.22
LogInit: Compatible Engine Version: 4.22.0-5660361+++UE4+Release-4.22
LogInit: Net CL: 5660361
LogInit: OS: Windows 10 (Release 1903) (), CPU: AMD Ryzen 5 2400G with Radeon Vega Graphics    , GPU: NVIDIA GeForce GTX 1050
LogInit: Compiled (64-bit): Jun 18 2019 03:09:11
LogInit: Compiled with Visual C++: 19.16.27025.01
LogInit: Build Configuration: Development
LogInit: Branch Name: ++UE4+Release-4.22
LogInit: Command Line: 
LogInit: Base Directory: C:/Program Files/Epic Games/UE_4.22/Engine/Binaries/Win64/
LogInit: Installed Engine Build: 1
LogDevObjectVersion: Number of dev versions registered: 23
LogDevObjectVersion:   Dev-Blueprints (B0D832E4-1F89-4F0D-ACCF-7EB736FD4AA2): 10
LogDevObjectVersion:   Dev-Build (E1C64328-A22C-4D53-A36C-8E866417BD8C): 0
LogDevObjectVersion:   Dev-Core (375EC13C-06E4-48FB-B500-84F0262A717E): 3
LogDevObjectVersion:   Dev-Editor (E4B068ED-F494-42E9-A231-DA0B2E46BB41): 30
LogDevObjectVersion:   Dev-Framework (CFFC743F-43B0-4480-9391-14DF171D2073): 35
LogDevObjectVersion:   Dev-Mobile (B02B49B5-BB20-44E9-A304-32B752E40360): 2
LogDevObjectVersion:   Dev-Networking (A4E4105C-59A1-49B5-A7C5-40C4547EDFEE): 0
LogDevObjectVersion:   Dev-Online (39C831C9-5AE6-47DC-9A44-9C173E1C8E7C): 0
LogDevObjectVersion:   Dev-Physics (78F01B33-EBEA-4F98-B9B4-84EACCB95AA2): 0
LogDevObjectVersion:   Dev-Platform (6631380F-2D4D-43E0-8009-CF276956A95A): 0
LogDevObjectVersion:   Dev-Rendering (12F88B9F-8875-4AFC-A67C-D90C383ABD29): 28
LogDevObjectVersion:   Dev-Sequencer (7B5AE74C-D270-4C10-A958-57980B212A5A): 11
LogDevObjectVersion:   Dev-VR (D7296918-1DD6-4BDD-9DE2-64A83CC13884): 2
LogDevObjectVersion:   Dev-LoadTimes (C2A15278-BFE7-4AFE-6C17-90FF531DF755): 1
LogDevObjectVersion:   Private-Geometry (6EACA3D4-40EC-4CC1-B786-8BED09428FC5): 3
LogDevObjectVersion:   Dev-AnimPhys (29E575DD-E0A3-4627-9D10-D276232CDCEA): 17
LogDevObjectVersion:   Dev-Anim (AF43A65D-7FD3-4947-9873-3E8ED9C1BB05): 2
LogDevObjectVersion:   Dev-ReflectionCapture (6B266CEC-1EC7-4B8F-A30B-E4D90942FC07): 1
LogDevObjectVersion:   Dev-Automation (0DF73D61-A23F-47EA-B727-89E90C41499A): 1
LogDevObjectVersion:   FortniteMain (601D1886-AC64-4F84-AA16-D3DE0DEAC7D6): 25
LogDevObjectVersion:   Dev-Enterprise (9DFFBCD6-494F-0158-E221-12823C92A888): 6
LogDevObjectVersion:   Dev-Niagara (F2AED0AC-9AFE-416F-8664-AA7FFA26D6FC): 1
LogDevObjectVersion:   Dev-Destruction (174F1F0B-B4C6-45A5-B13F-2EE8D0FB917D): 2
LogInit: Presizing for max 16777216 objects, including 0 objects not considered by GC, pre-allocating 0 bytes for permanent pool.
LogInit: Object subsystem initialized
LogConfig: Setting CVar [[con.DebugEarlyDefault:1]]
LogConfig: Setting CVar [[r.setres:1280x720]]
[2019.11.12-18.04.09:244][  0]LogConfig: Setting CVar [[r.VSync:0]]
[2019.11.12-18.04.09:244][  0]LogConfig: Setting CVar [[r.RHICmdBypass:0]]
[2019.11.12-18.04.09:244][  0]LogConfig: Applying CVar settings from Section [/Script/Engine.RendererSettings] File [C:/GameDevelop/gitignore/BootcampUnreal/BootcampUnreal/Saved/Config/Windows/Engine.ini]
[2019.11.12-18.04.09:244][  0]LogConfig: Setting CVar [[r.GPUCrashDebugging:0]]
[2019.11.12-18.04.09:244][  0]LogConfig: Applying CVar settings from Section [/Script/Engine.RendererOverrideSettings] File [C:/GameDevelop/gitignore/BootcampUnreal/BootcampUnreal/Saved/Config/Windows/Engine.ini]
[2019.11.12-18.04.09:244][  0]LogConfig: Applying CVar settings from Section [/Script/Engine.StreamingSettings] File [C:/GameDevelop/gitignore/BootcampUnreal/BootcampUnreal/Saved/Config/Windows/Engine.ini]
[2019.11.12-18.04.09:244][  0]LogConfig: Setting CVar [[s.MinBulkDataSizeForAsyncLoading:131072]]
[2019.11.12-18.04.09:244][  0]LogConfig: Setting CVar [[s.AsyncLoadingThreadEnabled:0]]
[2019.11.12-18.04.09:244][  0]LogConfig: Setting CVar [[s.EventDrivenLoaderEnabled:1]]
[2019.11.12-18.04.09:244][  0]LogConfig: Setting CVar [[s.WarnIfTimeLimitExceeded:0]]
[2019.11.12-18.04.09:244][  0]LogConfig: Setting CVar [[s.TimeLimitExceededMultiplier:1.5]]
[2019.11.12-18.04.09:244][  0]LogConfig: Setting CVar [[s.TimeLimitExceededMinTime:0.005]]
[2019.11.12-18.04.09:244][  0]LogConfig: Setting CVar [[s.UseBackgroundLevelStreaming:1]]
[2019.11.12-18.04.09:244][  0]LogConfig: Setting CVar [[s.PriorityAsyncLoadingExtraTime:15.0]]
[2019.11.12-18.04.09:244][  0]LogConfig: Setting CVar [[s.LevelStreamingActorsUpdateTimeLimit:5.0]]
[2019.11.12-18.04.09:244][  0]LogConfig: Setting CVar [[s.PriorityLevelStreamingActorsUpdateExtraTime:5.0]]
[2019.11.12-18.04.09:244][  0]LogConfig: Setting CVar [[s.LevelStreamingComponentsRegistrationGranularity:10]]
[2019.11.12-18.04.09:245][  0]LogConfig: Setting CVar [[s.UnregisterComponentsTimeLimit:1.0]]
[2019.11.12-18.04.09:245][  0]LogConfig: Setting CVar [[s.LevelStreamingComponentsUnregistrationGranularity:5]]
[2019.11.12-18.04.09:245][  0]LogConfig: Applying CVar settings from Section [/Script/Engine.GarbageCollectionSettings] File [C:/GameDevelop/gitignore/BootcampUnreal/BootcampUnreal/Saved/Config/Windows/Engine.ini]
[2019.11.12-18.04.09:245][  0]LogConfig: Setting CVar [[gc.MaxObjectsNotConsideredByGC:1]]
[2019.11.12-18.04.09:245][  0]LogConfig: Setting CVar [[gc.SizeOfPermanentObjectPool:0]]
[2019.11.12-18.04.09:245][  0]LogConfig: Setting CVar [[gc.FlushStreamingOnGC:0]]
[2019.11.12-18.04.09:245][  0]LogConfig: Setting CVar [[gc.NumRetriesBeforeForcingGC:10]]
[2019.11.12-18.04.09:245][  0]LogConfig: Setting CVar [[gc.AllowParallelGC:1]]
[2019.11.12-18.04.09:245][  0]LogConfig: Setting CVar [[gc.TimeBetweenPurgingPendingKillObjects:61.1]]
[2019.11.12-18.04.09:245][  0]LogConfig: Setting CVar [[gc.MaxObjectsInEditor:16777216]]
[2019.11.12-18.04.09:245][  0]LogConfig: Setting CVar [[gc.IncrementalBeginDestroyEnabled:1]]
[2019.11.12-18.04.09:245][  0]LogConfig: Setting CVar [[gc.CreateGCClusters:1]]
[2019.11.12-18.04.09:245][  0]LogConfig: Setting CVar [[gc.MinGCClusterSize:5]]
[2019.11.12-18.04.09:245][  0]LogConfig: Setting CVar [[gc.ActorClusteringEnabled:0]]
[2019.11.12-18.04.09:245][  0]LogConfig: Setting CVar [[gc.BlueprintClusteringEnabled:0]]
[2019.11.12-18.04.09:245][  0]LogConfig: Setting CVar [[gc.UseDisregardForGCOnDedicatedServers:0]]
[2019.11.12-18.04.09:245][  0]LogConfig: Applying CVar settings from Section [/Script/Engine.NetworkSettings] File [C:/GameDevelop/gitignore/BootcampUnreal/BootcampUnreal/Saved/Config/Windows/Engine.ini]
[2019.11.12-18.04.09:245][  0]LogConfig: Applying CVar settings from Section [/Script/UnrealEd.CookerSettings] File [C:/GameDevelop/gitignore/BootcampUnreal/BootcampUnreal/Saved/Config/Windows/Engine.ini]
[2019.11.12-18.04.09:302][  0]LogConfig: Applying CVar settings from Section [ViewDistanceQuality@3] File [C:/GameDevelop/gitignore/BootcampUnreal/BootcampUnreal/Saved/Config/Windows/Scalability.ini]
[2019.11.12-18.04.09:302][  0]LogConfig: Setting CVar [[r.SkeletalMeshLODBias:0]]
[2019.11.12-18.04.09:302][  0]LogConfig: Setting CVar [[r.ViewDistanceScale:1.0]]
[2019.11.12-18.04.09:302][  0]LogConfig: Applying CVar settings from Section [AntiAliasingQuality@3] File [C:/GameDevelop/gitignore/BootcampUnreal/BootcampUnreal/Saved/Config/Windows/Scalability.ini]
[2019.11.12-18.04.09:302][  0]LogConfig: Setting CVar [[r.PostProcessAAQuality:4]]
[2019.11.12-18.04.09:302][  0]LogConfig: Applying CVar settings from Section [ShadowQuality@3] File [C:/GameDevelop/gitignore/BootcampUnreal/BootcampUnreal/Saved/Config/Windows/Scalability.ini]
[2019.11.12-18.04.09:302][  0]LogConfig: Setting CVar [[r.LightFunctionQuality:1]]
[2019.11.12-18.04.09:302][  0]LogConfig: Setting CVar [[r.ShadowQuality:5]]
[2019.11.12-18.04.09:302][  0]LogConfig: Setting CVar [[r.Shadow.CSM.MaxCascades:10]]
[2019.11.12-18.04.09:302][  0]LogConfig: Setting CVar [[r.Shadow.MaxResolution:2048]]
[2019.11.12-18.04.09:302][  0]LogConfig: Setting CVar [[r.Shadow.MaxCSMResolution:2048]]
[2019.11.12-18.04.09:302][  0]LogConfig: Setting CVar [[r.Shadow.RadiusThreshold:0.01]]
[2019.11.12-18.04.09:302][  0]LogConfig: Setting CVar [[r.Shadow.DistanceScale:1.0]]
[2019.11.12-18.04.09:303][  0]LogConfig: Setting CVar [[r.Shadow.CSM.TransitionScale:1.0]]
[2019.11.12-18.04.09:303][  0]LogConfig: Setting CVar [[r.Shadow.PreShadowResolutionFactor:1.0]]
[2019.11.12-18.04.09:303][  0]LogConfig: Setting CVar [[r.DistanceFieldShadowing:1]]
[2019.11.12-18.04.09:303][  0]LogConfig: Setting CVar [[r.DistanceFieldAO:1]]
[2019.11.12-18.04.09:303][  0]LogConfig: Setting CVar [[r.AOQuality:2]]
[2019.11.12-18.04.09:303][  0]LogConfig: Setting CVar [[r.VolumetricFog:1]]
[2019.11.12-18.04.09:303][  0]LogConfig: Setting CVar [[r.VolumetricFog.GridPixelSize:8]]
[2019.11.12-18.04.09:303][  0]LogConfig: Setting CVar [[r.VolumetricFog.GridSizeZ:128]]
[2019.11.12-18.04.09:303][  0]LogConfig: Setting CVar [[r.VolumetricFog.HistoryMissSupersampleCount:4]]
[2019.11.12-18.04.09:303][  0]LogConfig: Setting CVar [[r.LightMaxDrawDistanceScale:1]]
[2019.11.12-18.04.09:303][  0]LogConfig: Setting CVar [[r.CapsuleShadows:1]]
[2019.11.12-18.04.09:303][  0]LogConfig: Applying CVar settings from Section [PostProcessQuality@3] File [C:/GameDevelop/gitignore/BootcampUnreal/BootcampUnreal/Saved/Config/Windows/Scalability.ini]
[2019.11.12-18.04.09:303][  0]LogConfig: Setting CVar [[r.MotionBlurQuality:4]]
[2019.11.12-18.04.09:303][  0]LogConfig: Setting CVar [[r.AmbientOcclusionMipLevelFactor:0.4]]
[2019.11.12-18.04.09:303][  0]LogConfig: Setting CVar [[r.AmbientOcclusionMaxQuality:100]]
[2019.11.12-18.04.09:303][  0]LogConfig: Setting CVar [[r.AmbientOcclusionLevels:-1]]
[2019.11.12-18.04.09:303][  0]LogConfig: Setting CVar [[r.AmbientOcclusionRadiusScale:1.0]]
[2019.11.12-18.04.09:303][  0]LogConfig: Setting CVar [[r.DepthOfFieldQuality:2]]
[2019.11.12-18.04.09:303][  0]LogConfig: Setting CVar [[r.RenderTargetPoolMin:400]]
[2019.11.12-18.04.09:303][  0]LogConfig: Setting CVar [[r.LensFlareQuality:2]]
[2019.11.12-18.04.09:303][  0]LogConfig: Setting CVar [[r.SceneColorFringeQuality:1]]
[2019.11.12-18.04.09:303][  0]LogConfig: Setting CVar [[r.EyeAdaptationQuality:2]]
[2019.11.12-18.04.09:303][  0]LogConfig: Setting CVar [[r.BloomQuality:5]]
[2019.11.12-18.04.09:303][  0]LogConfig: Setting CVar [[r.FastBlurThreshold:100]]
[2019.11.12-18.04.09:303][  0]LogConfig: Setting CVar [[r.Upscale.Quality:3]]
[2019.11.12-18.04.09:303][  0]LogConfig: Setting CVar [[r.Tonemapper.GrainQuantization:1]]
[2019.11.12-18.04.09:303][  0]LogConfig: Setting CVar [[r.LightShaftQuality:1]]
[2019.11.12-18.04.09:303][  0]LogConfig: Setting CVar [[r.Filter.SizeScale:1]]
[2019.11.12-18.04.09:303][  0]LogConfig: Setting CVar [[r.Tonemapper.Quality:5]]
[2019.11.12-18.04.09:303][  0]LogConfig: Setting CVar [[r.DOF.Gather.AccumulatorQuality:1        ; higher gathering accumulator quality]]
[2019.11.12-18.04.09:303][  0]LogConfig: Setting CVar [[r.DOF.Gather.PostfilterMethod:1          ; Median3x3 postfilering method]]
[2019.11.12-18.04.09:303][  0]LogConfig: Setting CVar [[r.DOF.Gather.EnableBokehSettings:0       ; no bokeh simulation when gathering]]
[2019.11.12-18.04.09:303][  0]LogConfig: Setting CVar [[r.DOF.Gather.RingCount:4                 ; medium number of samples when gathering]]
[2019.11.12-18.04.09:303][  0]LogConfig: Setting CVar [[r.DOF.Scatter.ForegroundCompositing:1    ; additive foreground scattering]]
[2019.11.12-18.04.09:303][  0]LogConfig: Setting CVar [[r.DOF.Scatter.BackgroundCompositing:2    ; additive background scattering]]
[2019.11.12-18.04.09:303][  0]LogConfig: Setting CVar [[r.DOF.Scatter.EnableBokehSettings:1      ; bokeh simulation when scattering]]
[2019.11.12-18.04.09:303][  0]LogConfig: Setting CVar [[r.DOF.Scatter.MaxSpriteRatio:0.1         ; only a maximum of 10% of scattered bokeh]]
[2019.11.12-18.04.09:303][  0]LogConfig: Setting CVar [[r.DOF.Recombine.Quality:1                ; cheap slight out of focus]]
[2019.11.12-18.04.09:303][  0]LogConfig: Setting CVar [[r.DOF.Recombine.EnableBokehSettings:0    ; no bokeh simulation on slight out of focus]]
[2019.11.12-18.04.09:303][  0]LogConfig: Setting CVar [[r.DOF.TemporalAAQuality:1                ; more stable temporal accumulation]]
[2019.11.12-18.04.09:303][  0]LogConfig: Setting CVar [[r.DOF.Kernel.MaxForegroundRadius:0.025]]
[2019.11.12-18.04.09:303][  0]LogConfig: Setting CVar [[r.DOF.Kernel.MaxBackgroundRadius:0.025]]
[2019.11.12-18.04.09:303][  0]LogConfig: Applying CVar settings from Section [TextureQuality@3] File [C:/GameDevelop/gitignore/BootcampUnreal/BootcampUnreal/Saved/Config/Windows/Scalability.ini]
[2019.11.12-18.04.09:303][  0]LogConfig: Setting CVar [[r.Streaming.MipBias:0]]
[2019.11.12-18.04.09:303][  0]LogConfig: Setting CVar [[r.Streaming.AmortizeCPUToGPUCopy:0]]
[2019.11.12-18.04.09:303][  0]LogConfig: Setting CVar [[r.Streaming.MaxNumTexturesToStreamPerFrame:0]]
[2019.11.12-18.04.09:303][  0]LogConfig: Setting CVar [[r.Streaming.Boost:1]]
[2019.11.12-18.04.09:303][  0]LogConfig: Setting CVar [[r.MaxAnisotropy:8]]
[2019.11.12-18.04.09:303][  0]LogConfig: Setting CVar [[r.Streaming.LimitPoolSizeToVRAM:0]]
[2019.11.12-18.04.09:303][  0]LogConfig: Setting CVar [[r.Streaming.PoolSize:1000]]
[2019.11.12-18.04.09:303][  0]LogConfig: Setting CVar [[r.Streaming.MaxEffectiveScreenSize:0]]
[2019.11.12-18.04.09:303][  0]LogConfig: Applying CVar settings from Section [EffectsQuality@3] File [C:/GameDevelop/gitignore/BootcampUnreal/BootcampUnreal/Saved/Config/Windows/Scalability.ini]
[2019.11.12-18.04.09:303][  0]LogConfig: Setting CVar [[r.TranslucencyLightingVolumeDim:64]]
[2019.11.12-18.04.09:303][  0]LogConfig: Setting CVar [[r.RefractionQuality:2]]
[2019.11.12-18.04.09:303][  0]LogConfig: Setting CVar [[r.SSR.Quality:3]]
[2019.11.12-18.04.09:303][  0]LogConfig: Setting CVar [[r.SceneColorFormat:4]]
[2019.11.12-18.04.09:303][  0]LogConfig: Setting CVar [[r.DetailMode:2]]
[2019.11.12-18.04.09:303][  0]LogConfig: Setting CVar [[r.TranslucencyVolumeBlur:1]]
[2019.11.12-18.04.09:304][  0]LogConfig: Setting CVar [[r.MaterialQualityLevel:1 ; High quality]]
[2019.11.12-18.04.09:304][  0]LogConfig: Setting CVar [[r.SSS.Scale:1]]
[2019.11.12-18.04.09:304][  0]LogConfig: Setting CVar [[r.SSS.SampleSet:2]]
[2019.11.12-18.04.09:304][  0]LogConfig: Setting CVar [[r.SSS.Quality:1]]
[2019.11.12-18.04.09:304][  0]LogConfig: Setting CVar [[r.SSS.HalfRes:1]]
[2019.11.12-18.04.09:304][  0]LogConfig: Setting CVar [[r.EmitterSpawnRateScale:1.0]]
[2019.11.12-18.04.09:304][  0]LogConfig: Setting CVar [[r.ParticleLightQuality:2]]
[2019.11.12-18.04.09:304][  0]LogConfig: Applying CVar settings from Section [FoliageQuality@3] File [C:/GameDevelop/gitignore/BootcampUnreal/BootcampUnreal/Saved/Config/Windows/Scalability.ini]
[2019.11.12-18.04.09:304][  0]LogConfig: Setting CVar [[foliage.DensityScale:1.0]]
[2019.11.12-18.04.09:304][  0]LogConfig: Setting CVar [[grass.DensityScale:1.0]]
[2019.11.12-18.04.09:322][  0]LogInit: Selected Device Profile: [Windows]
[2019.11.12-18.04.09:322][  0]LogInit: Applying CVar settings loaded from the selected device profile: [Windows]
[2019.11.12-18.04.09:432][  0]LogHAL: Display: Platform has ~ 16 GB [17124741120 / 17179869184 / 16], which maps to Larger [LargestMinGB=32, LargerMinGB=12, DefaultMinGB=8, SmallerMinGB=6, SmallestMinGB=0)
[2019.11.12-18.04.09:433][  0]LogConfig: Setting CVar [[r.Vulkan.UseRealUBs:0		; Required until we fix HLR fall-out]]
[2019.11.12-18.04.09:433][  0]LogInit: Going up to parent DeviceProfile []
[2019.11.12-18.04.09:434][  0]LogConfig: Applying CVar settings from Section [ViewDistanceQuality@3] File [C:/GameDevelop/gitignore/BootcampUnreal/BootcampUnreal/Saved/Config/Windows/Scalability.ini]
[2019.11.12-18.04.09:434][  0]LogConfig: Setting CVar [[r.SkeletalMeshLODBias:0]]
[2019.11.12-18.04.09:434][  0]LogConfig: Setting CVar [[r.ViewDistanceScale:1.0]]
[2019.11.12-18.04.09:434][  0]LogConfig: Applying CVar settings from Section [AntiAliasingQuality@3] File [C:/GameDevelop/gitignore/BootcampUnreal/BootcampUnreal/Saved/Config/Windows/Scalability.ini]
[2019.11.12-18.04.09:434][  0]LogConfig: Setting CVar [[r.PostProcessAAQuality:4]]
[2019.11.12-18.04.09:434][  0]LogConfig: Applying CVar settings from Section [ShadowQuality@3] File [C:/GameDevelop/gitignore/BootcampUnreal/BootcampUnreal/Saved/Config/Windows/Scalability.ini]
[2019.11.12-18.04.09:434][  0]LogConfig: Setting CVar [[r.LightFunctionQuality:1]]
[2019.11.12-18.04.09:434][  0]LogConfig: Setting CVar [[r.ShadowQuality:5]]
[2019.11.12-18.04.09:434][  0]LogConfig: Setting CVar [[r.Shadow.CSM.MaxCascades:10]]
[2019.11.12-18.04.09:434][  0]LogConfig: Setting CVar [[r.Shadow.MaxResolution:2048]]
[2019.11.12-18.04.09:434][  0]LogConfig: Setting CVar [[r.Shadow.MaxCSMResolution:2048]]
[2019.11.12-18.04.09:434][  0]LogConfig: Setting CVar [[r.Shadow.RadiusThreshold:0.01]]
[2019.11.12-18.04.09:434][  0]LogConfig: Setting CVar [[r.Shadow.DistanceScale:1.0]]
[2019.11.12-18.04.09:434][  0]LogConfig: Setting CVar [[r.Shadow.CSM.TransitionScale:1.0]]
[2019.11.12-18.04.09:434][  0]LogConfig: Setting CVar [[r.Shadow.PreShadowResolutionFactor:1.0]]
[2019.11.12-18.04.09:434][  0]LogConfig: Setting CVar [[r.DistanceFieldShadowing:1]]
[2019.11.12-18.04.09:434][  0]LogConfig: Setting CVar [[r.DistanceFieldAO:1]]
[2019.11.12-18.04.09:434][  0]LogConfig: Setting CVar [[r.AOQuality:2]]
[2019.11.12-18.04.09:434][  0]LogConfig: Setting CVar [[r.VolumetricFog:1]]
[2019.11.12-18.04.09:434][  0]LogConfig: Setting CVar [[r.VolumetricFog.GridPixelSize:8]]
[2019.11.12-18.04.09:434][  0]LogConfig: Setting CVar [[r.VolumetricFog.GridSizeZ:128]]
[2019.11.12-18.04.09:434][  0]LogConfig: Setting CVar [[r.VolumetricFog.HistoryMissSupersampleCount:4]]
[2019.11.12-18.04.09:434][  0]LogConfig: Setting CVar [[r.LightMaxDrawDistanceScale:1]]
[2019.11.12-18.04.09:434][  0]LogConfig: Setting CVar [[r.CapsuleShadows:1]]
[2019.11.12-18.04.09:434][  0]LogConfig: Applying CVar settings from Section [PostProcessQuality@3] File [C:/GameDevelop/gitignore/BootcampUnreal/BootcampUnreal/Saved/Config/Windows/Scalability.ini]
[2019.11.12-18.04.09:434][  0]LogConfig: Setting CVar [[r.MotionBlurQuality:4]]
[2019.11.12-18.04.09:434][  0]LogConfig: Setting CVar [[r.AmbientOcclusionMipLevelFactor:0.4]]
[2019.11.12-18.04.09:434][  0]LogConfig: Setting CVar [[r.AmbientOcclusionMaxQuality:100]]
[2019.11.12-18.04.09:434][  0]LogConfig: Setting CVar [[r.AmbientOcclusionLevels:-1]]
[2019.11.12-18.04.09:434][  0]LogConfig: Setting CVar [[r.AmbientOcclusionRadiusScale:1.0]]
[2019.11.12-18.04.09:434][  0]LogConfig: Setting CVar [[r.DepthOfFieldQuality:2]]
[2019.11.12-18.04.09:434][  0]LogConfig: Setting CVar [[r.RenderTargetPoolMin:400]]
[2019.11.12-18.04.09:434][  0]LogConfig: Setting CVar [[r.LensFlareQuality:2]]
[2019.11.12-18.04.09:434][  0]LogConfig: Setting CVar [[r.SceneColorFringeQuality:1]]
[2019.11.12-18.04.09:434][  0]LogConfig: Setting CVar [[r.EyeAdaptationQuality:2]]
[2019.11.12-18.04.09:434][  0]LogConfig: Setting CVar [[r.BloomQuality:5]]
[2019.11.12-18.04.09:434][  0]LogConfig: Setting CVar [[r.FastBlurThreshold:100]]
[2019.11.12-18.04.09:434][  0]LogConfig: Setting CVar [[r.Upscale.Quality:3]]
[2019.11.12-18.04.09:434][  0]LogConfig: Setting CVar [[r.Tonemapper.GrainQuantization:1]]
[2019.11.12-18.04.09:434][  0]LogConfig: Setting CVar [[r.LightShaftQuality:1]]
[2019.11.12-18.04.09:434][  0]LogConfig: Setting CVar [[r.Filter.SizeScale:1]]
[2019.11.12-18.04.09:434][  0]LogConfig: Setting CVar [[r.Tonemapper.Quality:5]]
[2019.11.12-18.04.09:434][  0]LogConfig: Setting CVar [[r.DOF.Gather.AccumulatorQuality:1        ; higher gathering accumulator quality]]
[2019.11.12-18.04.09:434][  0]LogConfig: Setting CVar [[r.DOF.Gather.PostfilterMethod:1          ; Median3x3 postfilering method]]
[2019.11.12-18.04.09:435][  0]LogConfig: Setting CVar [[r.DOF.Gather.EnableBokehSettings:0       ; no bokeh simulation when gathering]]
[2019.11.12-18.04.09:435][  0]LogConfig: Setting CVar [[r.DOF.Gather.RingCount:4                 ; medium number of samples when gathering]]
[2019.11.12-18.04.09:435][  0]LogConfig: Setting CVar [[r.DOF.Scatter.ForegroundCompositing:1    ; additive foreground scattering]]
[2019.11.12-18.04.09:435][  0]LogConfig: Setting CVar [[r.DOF.Scatter.BackgroundCompositing:2    ; additive background scattering]]
[2019.11.12-18.04.09:435][  0]LogConfig: Setting CVar [[r.DOF.Scatter.EnableBokehSettings:1      ; bokeh simulation when scattering]]
[2019.11.12-18.04.09:435][  0]LogConfig: Setting CVar [[r.DOF.Scatter.MaxSpriteRatio:0.1         ; only a maximum of 10% of scattered bokeh]]
[2019.11.12-18.04.09:435][  0]LogConfig: Setting CVar [[r.DOF.Recombine.Quality:1                ; cheap slight out of focus]]
[2019.11.12-18.04.09:435][  0]LogConfig: Setting CVar [[r.DOF.Recombine.EnableBokehSettings:0    ; no bokeh simulation on slight out of focus]]
[2019.11.12-18.04.09:435][  0]LogConfig: Setting CVar [[r.DOF.TemporalAAQuality:1                ; more stable temporal accumulation]]
[2019.11.12-18.04.09:435][  0]LogConfig: Setting CVar [[r.DOF.Kernel.MaxForegroundRadius:0.025]]
[2019.11.12-18.04.09:435][  0]LogConfig: Setting CVar [[r.DOF.Kernel.MaxBackgroundRadius:0.025]]
[2019.11.12-18.04.09:435][  0]LogConfig: Applying CVar settings from Section [TextureQuality@3] File [C:/GameDevelop/gitignore/BootcampUnreal/BootcampUnreal/Saved/Config/Windows/Scalability.ini]
[2019.11.12-18.04.09:435][  0]LogConfig: Setting CVar [[r.Streaming.MipBias:0]]
[2019.11.12-18.04.09:435][  0]LogConfig: Setting CVar [[r.Streaming.AmortizeCPUToGPUCopy:0]]
[2019.11.12-18.04.09:435][  0]LogConfig: Setting CVar [[r.Streaming.MaxNumTexturesToStreamPerFrame:0]]
[2019.11.12-18.04.09:435][  0]LogConfig: Setting CVar [[r.Streaming.Boost:1]]
[2019.11.12-18.04.09:435][  0]LogConfig: Setting CVar [[r.MaxAnisotropy:8]]
[2019.11.12-18.04.09:435][  0]LogConfig: Setting CVar [[r.Streaming.LimitPoolSizeToVRAM:0]]
[2019.11.12-18.04.09:435][  0]LogConfig: Setting CVar [[r.Streaming.PoolSize:1000]]
[2019.11.12-18.04.09:435][  0]LogConfig: Setting CVar [[r.Streaming.MaxEffectiveScreenSize:0]]
[2019.11.12-18.04.09:435][  0]LogConfig: Applying CVar settings from Section [EffectsQuality@3] File [C:/GameDevelop/gitignore/BootcampUnreal/BootcampUnreal/Saved/Config/Windows/Scalability.ini]
[2019.11.12-18.04.09:435][  0]LogConfig: Setting CVar [[r.TranslucencyLightingVolumeDim:64]]
[2019.11.12-18.04.09:435][  0]LogConfig: Setting CVar [[r.RefractionQuality:2]]
[2019.11.12-18.04.09:435][  0]LogConfig: Setting CVar [[r.SSR.Quality:3]]
[2019.11.12-18.04.09:435][  0]LogConfig: Setting CVar [[r.SceneColorFormat:4]]
[2019.11.12-18.04.09:435][  0]LogConfig: Setting CVar [[r.DetailMode:2]]
[2019.11.12-18.04.09:435][  0]LogConfig: Setting CVar [[r.TranslucencyVolumeBlur:1]]
[2019.11.12-18.04.09:435][  0]LogConfig: Setting CVar [[r.MaterialQualityLevel:1 ; High quality]]
[2019.11.12-18.04.09:435][  0]LogConfig: Setting CVar [[r.SSS.Scale:1]]
[2019.11.12-18.04.09:435][  0]LogConfig: Setting CVar [[r.SSS.SampleSet:2]]
[2019.11.12-18.04.09:435][  0]LogConfig: Setting CVar [[r.SSS.Quality:1]]
[2019.11.12-18.04.09:435][  0]LogConfig: Setting CVar [[r.SSS.HalfRes:1]]
[2019.11.12-18.04.09:435][  0]LogConfig: Setting CVar [[r.EmitterSpawnRateScale:1.0]]
[2019.11.12-18.04.09:435][  0]LogConfig: Setting CVar [[r.ParticleLightQuality:2]]
[2019.11.12-18.04.09:435][  0]LogConfig: Applying CVar settings from Section [FoliageQuality@3] File [C:/GameDevelop/gitignore/BootcampUnreal/BootcampUnreal/Saved/Config/Windows/Scalability.ini]
[2019.11.12-18.04.09:435][  0]LogConfig: Setting CVar [[foliage.DensityScale:1.0]]
[2019.11.12-18.04.09:435][  0]LogConfig: Setting CVar [[grass.DensityScale:1.0]]
[2019.11.12-18.04.09:435][  0]LogConfig: Applying CVar settings from Section [Startup] File [../../../Engine/Config/ConsoleVariables.ini]
[2019.11.12-18.04.09:456][  0]LogConfig: Setting CVar [[net.UseAdaptiveNetUpdateFrequency:0]]
[2019.11.12-18.04.09:456][  0]LogConfig: Setting CVar [[p.chaos.AllowCreatePhysxBodies:1]]
[2019.11.12-18.04.09:456][  0]LogConfig: Applying CVar settings from Section [ConsoleVariables] File [C:/GameDevelop/gitignore/BootcampUnreal/BootcampUnreal/Saved/Config/Windows/Engine.ini]
[2019.11.12-18.04.09:468][  0]LogInit: Computer: DESKTOP-FL1951V
[2019.11.12-18.04.09:468][  0]LogInit: User: lucas
[2019.11.12-18.04.09:468][  0]LogInit: CPU Page size=4096, Cores=4
[2019.11.12-18.04.09:469][  0]LogInit: High frequency timer resolution =10.000000 MHz
[2019.11.12-18.04.09:481][  0]LogMemory: Memory total: Physical=15.9GB (16GB approx)
[2019.11.12-18.04.09:481][  0]LogMemory: Platform Memory Stats for Windows
[2019.11.12-18.04.09:481][  0]LogMemory: Process Physical Memory: 99.72 MB used, 99.73 MB peak
[2019.11.12-18.04.09:481][  0]LogMemory: Process Virtual Memory: 90.54 MB used, 90.54 MB peak
[2019.11.12-18.04.09:481][  0]LogMemory: Physical Memory: 5426.39 MB used,  10905.04 MB free, 16331.43 MB total
[2019.11.12-18.04.09:481][  0]LogMemory: Virtual Memory: 4644.33 MB used,  134213080.00 MB free, 134217728.00 MB total
[2019.11.12-18.04.10:376][  0]LogInit: Using OS detected language (es-ES).
[2019.11.12-18.04.10:376][  0]LogInit: Using OS detected locale (es-AR).
[2019.11.12-18.04.10:423][  0]LogTextLocalizationManager: No specific localization for 'es-ES' exists, so the 'es' localization will be used.
[2019.11.12-18.04.11:504][  0]LogSlate: New Slate User Created.  User Index 0, Is Virtual User: 0
[2019.11.12-18.04.11:504][  0]LogSlate: Slate User Registered.  User Index 0, Is Virtual User: 0
[2019.11.12-18.04.18:774][  0]LogHMD: Failed to initialize OpenVR with code 110
[2019.11.12-18.04.18:774][  0]LogD3D11RHI: D3D11 adapters:
[2019.11.12-18.04.18:994][  0]LogD3D11RHI:    0. 'NVIDIA GeForce GTX 1050' (Feature Level 11_0)
[2019.11.12-18.04.18:994][  0]LogD3D11RHI:       2996/0/8165 MB DedicatedVideo/DedicatedSystem/SharedSystem, Outputs:1, VendorId:0x10de
[2019.11.12-18.04.18:998][  0]LogD3D11RHI:    1. 'Microsoft Basic Render Driver' (Feature Level 11_0)
[2019.11.12-18.04.18:998][  0]LogD3D11RHI:       0/0/8165 MB DedicatedVideo/DedicatedSystem/SharedSystem, Outputs:0, VendorId:0x1414
[2019.11.12-18.04.18:998][  0]LogD3D11RHI: Chosen D3D11 Adapter: 0
[2019.11.12-18.04.19:008][  0]LogD3D11RHI: Creating new Direct3DDevice
[2019.11.12-18.04.19:008][  0]LogD3D11RHI:     GPU DeviceId: 0x1c83 (for the marketing name, search the web for "GPU Device Id")
[2019.11.12-18.04.19:023][  0]LogWindows: EnumDisplayDevices:
[2019.11.12-18.04.19:023][  0]LogWindows:    0. 'NVIDIA GeForce GTX 1050' (P:1 D:1)
[2019.11.12-18.04.19:023][  0]LogWindows:    1. 'NVIDIA GeForce GTX 1050' (P:0 D:0)
[2019.11.12-18.04.19:023][  0]LogWindows:    2. 'NVIDIA GeForce GTX 1050' (P:0 D:0)
[2019.11.12-18.04.19:024][  0]LogWindows:    3. 'NVIDIA GeForce GTX 1050' (P:0 D:0)
[2019.11.12-18.04.19:024][  0]LogWindows: DebugString: FoundDriverCount:4 
[2019.11.12-18.04.19:024][  0]LogD3D11RHI:     Adapter Name: NVIDIA GeForce GTX 1050
[2019.11.12-18.04.19:024][  0]LogD3D11RHI:   Driver Version: 441.12 (internal:26.21.14.4112, unified:441.12)
[2019.11.12-18.04.19:024][  0]LogD3D11RHI:      Driver Date: 10-24-2019
[2019.11.12-18.04.19:024][  0]LogRHI: Texture pool is 2097 MB (70% of 2996 MB)
[2019.11.12-18.04.19:105][  0]LogD3D11RHI: Async texture creation enabled
[2019.11.12-18.04.19:368][  0]LogRendererCore: FGlobalReadBuffer::InitRHI
[2019.11.12-18.04.19:398][  0]LogRendererCore: FGlobalReadBuffer::InitRHI
[2019.11.12-18.04.19:398][  0]LogRendererCore: FGlobalReadBuffer::InitRHI
[2019.11.12-18.04.19:451][  0]LogD3D11RHI: GPU Timing Frequency: 1000.000000 (Debug: 2 1)
[2019.11.12-18.04.20:876][  0]LogTemp: Display: Module 'AllDesktopTargetPlatform' loaded TargetPlatform 'AllDesktop'
[2019.11.12-18.04.20:909][  0]LogTemp: Display: Module 'MacClientTargetPlatform' loaded TargetPlatform 'MacClient'
[2019.11.12-18.04.20:933][  0]LogTemp: Display: Module 'MacNoEditorTargetPlatform' loaded TargetPlatform 'MacNoEditor'
[2019.11.12-18.04.20:957][  0]LogTemp: Display: Module 'MacServerTargetPlatform' loaded TargetPlatform 'MacServer'
[2019.11.12-18.04.21:079][  0]LogTemp: Display: Module 'MacTargetPlatform' loaded TargetPlatform 'Mac'
[2019.11.12-18.04.21:120][  0]LogTemp: Display: Module 'WindowsClientTargetPlatform' loaded TargetPlatform 'WindowsClient'
[2019.11.12-18.04.21:153][  0]LogTemp: Display: Module 'WindowsNoEditorTargetPlatform' loaded TargetPlatform 'WindowsNoEditor'
[2019.11.12-18.04.21:188][  0]LogTemp: Display: Module 'WindowsServerTargetPlatform' loaded TargetPlatform 'WindowsServer'
[2019.11.12-18.04.21:236][  0]LogTemp: Display: Module 'WindowsTargetPlatform' loaded TargetPlatform 'Windows'
[2019.11.12-18.04.21:401][  0]LogTemp: Display: Module 'AndroidTargetPlatform' loaded TargetPlatform 'Android'
[2019.11.12-18.04.21:401][  0]LogTemp: Display: Module 'AndroidTargetPlatform' loaded TargetPlatform 'Android_ASTC'
[2019.11.12-18.04.21:401][  0]LogTemp: Display: Module 'AndroidTargetPlatform' loaded TargetPlatform 'Android_ATC'
[2019.11.12-18.04.21:401][  0]LogTemp: Display: Module 'AndroidTargetPlatform' loaded TargetPlatform 'Android_DXT'
[2019.11.12-18.04.21:401][  0]LogTemp: Display: Module 'AndroidTargetPlatform' loaded TargetPlatform 'Android_ETC1'
[2019.11.12-18.04.21:401][  0]LogTemp: Display: Module 'AndroidTargetPlatform' loaded TargetPlatform 'Android_ETC1a'
[2019.11.12-18.04.21:401][  0]LogTemp: Display: Module 'AndroidTargetPlatform' loaded TargetPlatform 'Android_ETC2'
[2019.11.12-18.04.21:401][  0]LogTemp: Display: Module 'AndroidTargetPlatform' loaded TargetPlatform 'Android_PVRTC'
[2019.11.12-18.04.21:401][  0]LogTemp: Display: Module 'AndroidTargetPlatform' loaded TargetPlatform 'AndroidClient'
[2019.11.12-18.04.21:401][  0]LogTemp: Display: Module 'AndroidTargetPlatform' loaded TargetPlatform 'Android_ASTCClient'
[2019.11.12-18.04.21:401][  0]LogTemp: Display: Module 'AndroidTargetPlatform' loaded TargetPlatform 'Android_ATCClient'
[2019.11.12-18.04.21:401][  0]LogTemp: Display: Module 'AndroidTargetPlatform' loaded TargetPlatform 'Android_DXTClient'
[2019.11.12-18.04.21:401][  0]LogTemp: Display: Module 'AndroidTargetPlatform' loaded TargetPlatform 'Android_ETC1Client'
[2019.11.12-18.04.21:401][  0]LogTemp: Display: Module 'AndroidTargetPlatform' loaded TargetPlatform 'Android_ETC1aClient'
[2019.11.12-18.04.21:401][  0]LogTemp: Display: Module 'AndroidTargetPlatform' loaded TargetPlatform 'Android_ETC2Client'
[2019.11.12-18.04.21:401][  0]LogTemp: Display: Module 'AndroidTargetPlatform' loaded TargetPlatform 'Android_PVRTCClient'
[2019.11.12-18.04.21:401][  0]LogTemp: Display: Module 'AndroidTargetPlatform' loaded TargetPlatform 'Android_Multi'
[2019.11.12-18.04.21:401][  0]LogTemp: Display: Module 'AndroidTargetPlatform' loaded TargetPlatform 'Android_MultiClient'
[2019.11.12-18.04.21:418][  0]LogTemp: Display: Module 'HTML5TargetPlatform' loaded TargetPlatform 'HTML5'
[2019.11.12-18.04.21:584][  0]LogTemp: Display: Module 'IOSTargetPlatform' loaded TargetPlatform 'IOSClient'
[2019.11.12-18.04.21:584][  0]LogTemp: Display: Module 'IOSTargetPlatform' loaded TargetPlatform 'IOS'
[2019.11.12-18.04.21:621][  0]LogTemp: Display: Module 'TVOSTargetPlatform' loaded TargetPlatform 'TVOSClient'
[2019.11.12-18.04.21:621][  0]LogTemp: Display: Module 'TVOSTargetPlatform' loaded TargetPlatform 'TVOS'
[2019.11.12-18.04.21:657][  0]LogTemp: Display: Module 'LinuxClientTargetPlatform' loaded TargetPlatform 'LinuxClient'
[2019.11.12-18.04.21:679][  0]LogTemp: Display: Module 'LinuxNoEditorTargetPlatform' loaded TargetPlatform 'LinuxNoEditor'
[2019.11.12-18.04.21:702][  0]LogTemp: Display: Module 'LinuxServerTargetPlatform' loaded TargetPlatform 'LinuxServer'
[2019.11.12-18.04.21:775][  0]LogTemp: Display: Module 'LinuxTargetPlatform' loaded TargetPlatform 'Linux'
[2019.11.12-18.04.21:842][  0]LogTemp: Display: Module 'LuminTargetPlatform' loaded TargetPlatform 'Lumin'
[2019.11.12-18.04.21:842][  0]LogTemp: Display: Module 'LuminTargetPlatform' loaded TargetPlatform 'LuminClient'
[2019.11.12-18.04.21:842][  0]LogTargetPlatformManager: Display: Building Assets For Windows
[2019.11.12-18.04.22:063][  0]LogAudioDebug: Display: Lib vorbis DLL was dynamically loaded.
[2019.11.12-18.04.22:585][  0]LogShaderCompilers: Guid format shader working directory is -24 characters bigger than the processId version (../../../../../../GameDevelop/gitignore/BootcampUnreal/BootcampUnreal/Intermediate/Shaders/WorkingDirectory/13332/).
[2019.11.12-18.04.22:586][  0]LogShaderCompilers: Cleaned the shader compiler working directory 'C:/Users/lucas/AppData/Local/Temp/UnrealShaderWorkingDir/54D8A75E498F06C02356CAA7A38BE1BA/'.
[2019.11.12-18.04.22:619][  0]LogXGEController: Cleaning working directory: C:/Users/lucas/AppData/Local/Temp/UnrealXGEWorkingDir/
[2019.11.12-18.04.22:619][  0]LogXGEController: Cannot use XGE Controller as Incredibuild is not installed on this machine.
[2019.11.12-18.04.22:619][  0]LogShaderCompilers: Cannot use XGE Shader Compiler as Incredibuild is not installed on this machine.
[2019.11.12-18.04.22:619][  0]LogShaderCompilers: Display: Using Local Shader Compiler.
[2019.11.12-18.04.28:015][  0]LogDerivedDataCache: Display: Max Cache Size: 512 MB
[2019.11.12-18.04.28:745][  0]LogDerivedDataCache: Loaded boot cache 0.73s 71MB C:/Users/lucas/AppData/Local/UnrealEngine/4.22/DerivedDataCache/Boot.ddc.
[2019.11.12-18.04.28:746][  0]LogDerivedDataCache: Display: Loaded Boot cache: C:/Users/lucas/AppData/Local/UnrealEngine/4.22/DerivedDataCache/Boot.ddc
[2019.11.12-18.04.28:746][  0]LogDerivedDataCache: FDerivedDataBackendGraph:  Pak pak cache file ../../../../../../GameDevelop/gitignore/BootcampUnreal/BootcampUnreal/DerivedDataCache/DDC.ddp not found, will not use a pak cache.
[2019.11.12-18.04.28:746][  0]LogDerivedDataCache: Unable to find inner node Pak for hierarchical cache Hierarchy.
[2019.11.12-18.04.28:746][  0]LogDerivedDataCache: FDerivedDataBackendGraph:  CompressedPak pak cache file ../../../../../../GameDevelop/gitignore/BootcampUnreal/BootcampUnreal/DerivedDataCache/Compressed.ddp not found, will not use a pak cache.
[2019.11.12-18.04.28:746][  0]LogDerivedDataCache: Unable to find inner node CompressedPak for hierarchical cache Hierarchy.
[2019.11.12-18.04.28:899][  0]LogDerivedDataCache: Display: Pak cache opened for reading ../../../Engine/DerivedDataCache/Compressed.ddp.
[2019.11.12-18.04.28:899][  0]LogDerivedDataCache: FDerivedDataBackendGraph:  EnterprisePak pak cache file ../../../Enterprise/DerivedDataCache/Compressed.ddp not found, will not use a pak cache.
[2019.11.12-18.04.28:899][  0]LogDerivedDataCache: Unable to find inner node EnterprisePak for hierarchical cache Hierarchy.
[2019.11.12-18.04.28:936][  0]LogDerivedDataCache: Using Local data cache path C:/Users/lucas/AppData/Local/UnrealEngine/Common/DerivedDataCache: Writable
[2019.11.12-18.04.28:936][  0]LogDerivedDataCache: Shared data cache path not found in *engine.ini, will not use an Shared cache.
[2019.11.12-18.04.28:936][  0]LogDerivedDataCache: Unable to find inner node Shared for hierarchical cache Hierarchy.
[2019.11.12-18.04.29:019][  0]LogMaterial: Verifying Global Shaders for PCD3D_SM5
[2019.11.12-18.04.29:076][  0]LogSlate: Using FreeType 2.6.0
[2019.11.12-18.04.29:169][  0]LogSlate: SlateFontServices - WITH_FREETYPE: 1, WITH_HARFBUZZ: 1
[2019.11.12-18.04.31:419][  0]LogAssetRegistry: FAssetRegistry took 0.0390 seconds to start up
[2019.11.12-18.04.39:069][  0]LogInit: Selected Device Profile: [Windows]
[2019.11.12-18.04.40:393][  0]LogMeshReduction: Using QuadricMeshReduction for automatic static mesh reduction
[2019.11.12-18.04.40:393][  0]LogMeshReduction: Using SimplygonMeshReduction for automatic skeletal mesh reduction
[2019.11.12-18.04.40:393][  0]LogMeshReduction: Using ProxyLODMeshReduction for automatic mesh merging
[2019.11.12-18.04.40:393][  0]LogMeshReduction: No distributed automatic mesh merging module available
[2019.11.12-18.04.40:400][  0]LogMeshMerging: No distributed automatic mesh merging module available
[2019.11.12-18.04.40:901][  0]LogNetVersion: BootcampUnreal 1.0.0, NetCL: 5660361, EngineNetVer: 10, GameNetVer: 0 (Checksum: 3614835079)
[2019.11.12-18.04.46:028][  0]LogPackageLocalizationCache: Processed 10 localized package path(s) for 1 prioritized culture(s) in 0.114305 seconds
[2019.11.12-18.04.46:098][  0]LogUObjectArray: 42205 objects as part of root set at end of initial load.
[2019.11.12-18.04.46:098][  0]LogUObjectAllocator: 7325032 out of 0 bytes used by permanent object pool.
[2019.11.12-18.04.46:098][  0]LogUObjectArray: CloseDisregardForGC: 0/0 objects in disregard for GC pool
[2019.11.12-18.04.57:524][  0]LogTemp: IOS device listing is disabled (to many failed attempts)!
[2019.11.12-18.04.59:882][  0]LogTcpMessaging: Initializing TcpMessaging bridge
[2019.11.12-18.04.59:909][  0]LogUdpMessaging: Initializing bridge on interface 0.0.0.0:0 to multicast group 230.0.0.1:6666.
[2019.11.12-18.05.00:577][  0]SourceControl: El control de código fuente está desactivado
[2019.11.12-18.05.00:579][  0]SourceControl: El control de código fuente está desactivado
[2019.11.12-18.05.00:630][  0]SourceControl: El control de código fuente está desactivado
[2019.11.12-18.05.00:648][  0]SourceControl: El control de código fuente está desactivado
[2019.11.12-18.05.01:653][  0]LogAndroidPermission: UAndroidPermissionCallbackProxy::GetInstance
[2019.11.12-18.05.02:061][  0]LogOcInput: OculusInput pre-init called
[2019.11.12-18.05.04:715][  0]LogEngine: Initializing Engine...
[2019.11.12-18.05.04:788][  0]LogHMD: Failed to initialize OpenVR with code 110
[2019.11.12-18.05.04:814][  0]LogStats: UGameplayTagsManager::InitializeManager -  0.002 s
[2019.11.12-18.05.05:842][  0]LogInit: Initializing FReadOnlyCVARCache
[2019.11.12-18.05.06:514][  0]LogAIModule: Creating AISystem for world Untitled
[2019.11.12-18.05.06:669][  0]LogInit: XAudio2 using 'Altavoces (Realtek High Definition Audio)' : 2 channels at 48 kHz using 32 bits per sample (channel mask 0x3)
[2019.11.12-18.05.06:785][  0]LogInit: FAudioDevice initialized.
[2019.11.12-18.05.06:800][  0]LogNetVersion: Set ProjectVersion to 1.0.0.0. Version Checksum will be recalculated on next use.
[2019.11.12-18.05.06:961][  0]LogDerivedDataCache: Saved boot cache 0.16s 71MB C:/Users/lucas/AppData/Local/UnrealEngine/4.22/DerivedDataCache/Boot.ddc.
[2019.11.12-18.05.06:975][  0]LogInit: Texture streaming: Enabled
[2019.11.12-18.05.07:189][  0]LogEngineSessionManager: EngineSessionManager initialized
[2019.11.12-18.05.07:478][  0]LogInit: Transaction tracking system initialized
[2019.11.12-18.05.07:810][  0]BlueprintLog: New page: Cargar el editor
[2019.11.12-18.05.09:006][  0]LocalizationService: Localization service is disabled
[2019.11.12-18.05.12:627][  0]LogFileCache: Scanning file cache for directory 'C:/GameDevelop/gitignore/BootcampUnreal/BootcampUnreal/Content/' took 0.09s
[2019.11.12-18.05.12:627][  0]LogCook: Display: Max memory allowance for cook 16384mb min free memory 0mb
[2019.11.12-18.05.12:627][  0]LogCook: Display: Mobile HDR setting 1
[2019.11.12-18.05.15:493][  0]SourceControl: El control de código fuente está desactivado
[2019.11.12-18.05.15:542][  0]Cmd: MAP LOAD FILE="../../../../../../GameDevelop/gitignore/BootcampUnreal/BootcampUnreal/Content/ThirdPersonBP/Maps/ThirdPersonExampleMap.umap" TEMPLATE=0 SHOWPROGRESS=1 FEATURELEVEL=3
[2019.11.12-18.05.15:569][  0]LightingResults: New page: Diseñar la iluminación
[2019.11.12-18.05.15:691][  0]MapCheck: New page: Revisión del mapa
[2019.11.12-18.05.15:691][  0]LightingResults: New page: Diseñar la iluminación
[2019.11.12-18.05.16:163][  0]LogUObjectHash: Compacting FUObjectHashTables data took   8.71ms
[2019.11.12-18.05.19:057][  0]LogAIModule: Creating AISystem for world ThirdPersonExampleMap
[2019.11.12-18.05.19:913][  0]LogEditorServer: Finished looking for orphan Actors (0.000 secs)
[2019.11.12-18.05.20:081][  0]LogUObjectHash: Compacting FUObjectHashTables data took   2.55ms
[2019.11.12-18.05.20:085][  0]Cmd: MAP CHECKDEP NOCLEARLOG
[2019.11.12-18.05.20:099][  0]MapCheck: Map check complete: 0 Error(s), 0 Warning(s), took 0,682ms to complete.
[2019.11.12-18.05.20:102][  0]LogFileHelpers: Loading map 'ThirdPersonExampleMap' took 4.591
[2019.11.12-18.05.22:193][  0]LogSlate: Updating window title bar state: overlay mode, drag disabled, window buttons hidden, title bar hidden
[2019.11.12-18.05.22:202][  0]LogSlate: Updating window title bar state: overlay mode, drag disabled, window buttons hidden, title bar hidden
[2019.11.12-18.05.22:209][  0]LogSlate: Updating window title bar state: overlay mode, drag disabled, window buttons hidden, title bar hidden
[2019.11.12-18.05.22:216][  0]LogSlate: Updating window title bar state: overlay mode, drag disabled, window buttons hidden, title bar hidden
[2019.11.12-18.05.22:396][  0]LogCollectionManager: Loaded 0 collections in 0.002695 seconds
[2019.11.12-18.05.22:567][  0]LogFileCache: Scanning file cache for directory 'C:/GameDevelop/gitignore/BootcampUnreal/BootcampUnreal/Saved/Collections/' took 0.01s
[2019.11.12-18.05.22:567][  0]LogFileCache: Scanning file cache for directory 'C:/GameDevelop/gitignore/BootcampUnreal/BootcampUnreal/Content/Developers/lucas/Collections/' took 0.01s
[2019.11.12-18.05.22:567][  0]LogFileCache: Scanning file cache for directory 'C:/GameDevelop/gitignore/BootcampUnreal/BootcampUnreal/Content/Collections/' took 0.00s
[2019.11.12-18.05.22:567][  0]LogCollectionManager: Rebuilt the GUID cache for 0 collections in 0.000000 seconds
[2019.11.12-18.05.22:579][  0]LogContentBrowser: Native class hierarchy populated in 0.0110 seconds. Added 2732 classes and 659 folders.
[2019.11.12-18.05.22:718][  0]LogContentBrowser: Native class hierarchy updated for 'WidgetCarousel' in 0.0003 seconds. Added 0 classes and 0 folders.
[2019.11.12-18.05.22:870][  0]LogPakFile: Registered encryption key '00000000000000000000000000000000': 0 pak files mounted, 0 remain pending
[2019.11.12-18.05.22:917][  0]LogPakFile: Registered encryption key '00000000000000000000000000000000': 0 pak files mounted, 0 remain pending
[2019.11.12-18.05.22:980][  0]LogPakFile: Registered encryption key '00000000000000000000000000000000': 0 pak files mounted, 0 remain pending
[2019.11.12-18.05.22:987][  0]LogPakFile: Registered encryption key '00000000000000000000000000000000': 0 pak files mounted, 0 remain pending
[2019.11.12-18.05.22:994][  0]LogPakFile: Registered encryption key '00000000000000000000000000000000': 0 pak files mounted, 0 remain pending
[2019.11.12-18.05.23:013][  0]LogPakFile: Registered encryption key '00000000000000000000000000000000': 0 pak files mounted, 0 remain pending
[2019.11.12-18.05.23:024][  0]LogPakFile: Registered encryption key '00000000000000000000000000000000': 0 pak files mounted, 0 remain pending
[2019.11.12-18.05.23:030][  0]LogPakFile: Registered encryption key '00000000000000000000000000000000': 0 pak files mounted, 0 remain pending
[2019.11.12-18.05.23:066][  0]LogPakFile: Registered encryption key '00000000000000000000000000000000': 0 pak files mounted, 0 remain pending
[2019.11.12-18.05.23:085][  0]LogPakFile: Registered encryption key '00000000000000000000000000000000': 0 pak files mounted, 0 remain pending
[2019.11.12-18.05.23:099][  0]LogPakFile: Registered encryption key '00000000000000000000000000000000': 0 pak files mounted, 0 remain pending
[2019.11.12-18.05.23:114][  0]LogPakFile: Registered encryption key '00000000000000000000000000000000': 0 pak files mounted, 0 remain pending
[2019.11.12-18.05.23:144][  0]LogPakFile: Registered encryption key '00000000000000000000000000000000': 0 pak files mounted, 0 remain pending
[2019.11.12-18.05.23:162][  0]LogPakFile: Registered encryption key '00000000000000000000000000000000': 0 pak files mounted, 0 remain pending
[2019.11.12-18.05.23:178][  0]LogPakFile: Registered encryption key '00000000000000000000000000000000': 0 pak files mounted, 0 remain pending
[2019.11.12-18.05.23:191][  0]LogPakFile: Registered encryption key '00000000000000000000000000000000': 0 pak files mounted, 0 remain pending
[2019.11.12-18.05.23:222][  0]LogPakFile: Registered encryption key '00000000000000000000000000000000': 0 pak files mounted, 0 remain pending
[2019.11.12-18.05.23:228][  0]LogPakFile: Registered encryption key '00000000000000000000000000000000': 0 pak files mounted, 0 remain pending
[2019.11.12-18.05.23:237][  0]LogPakFile: Registered encryption key '00000000000000000000000000000000': 0 pak files mounted, 0 remain pending
[2019.11.12-18.05.23:252][  0]LogPakFile: Registered encryption key '00000000000000000000000000000000': 0 pak files mounted, 0 remain pending
[2019.11.12-18.05.23:288][  0]LogPakFile: Registered encryption key '00000000000000000000000000000000': 0 pak files mounted, 0 remain pending
[2019.11.12-18.05.23:298][  0]LogPakFile: Registered encryption key '00000000000000000000000000000000': 0 pak files mounted, 0 remain pending
[2019.11.12-18.05.23:310][  0]LogPakFile: Registered encryption key '00000000000000000000000000000000': 0 pak files mounted, 0 remain pending
[2019.11.12-18.05.23:316][  0]LogPakFile: Registered encryption key '00000000000000000000000000000000': 0 pak files mounted, 0 remain pending
[2019.11.12-18.05.23:323][  0]LogPakFile: Registered encryption key '00000000000000000000000000000000': 0 pak files mounted, 0 remain pending
[2019.11.12-18.05.23:390][  0]LogPakFile: Registered encryption key '00000000000000000000000000000000': 0 pak files mounted, 0 remain pending
[2019.11.12-18.05.24:742][  0]LogContentBrowser: Native class hierarchy updated for 'AddContentDialog' in 0.0003 seconds. Added 0 classes and 0 folders.
[2019.11.12-18.05.24:814][  0]LogContentBrowser: Native class hierarchy updated for 'SceneOutliner' in 0.0004 seconds. Added 1 classes and 2 folders.
[2019.11.12-18.05.25:624][  0]LogSlate: Took 0.035269 seconds to synchronously load lazily loaded font '../../../Engine/Content/Slate/Fonts/Roboto-Regular.ttf' (155K)
[2019.11.12-18.05.25:666][  0]LogSlate: Took 0.021734 seconds to synchronously load lazily loaded font '../../../Engine/Content/Slate/Fonts/Roboto-Bold.ttf' (160K)
[2019.11.12-18.05.25:764][  0]LogSlate: Took 0.017260 seconds to synchronously load lazily loaded font '../../../Engine/Content/Editor/Slate/Fonts/FontAwesome.ttf' (139K)
[2019.11.12-18.05.26:413][  0]LogRenderer: Reallocating scene render targets to support 1208x572 Format 10 NumSamples 1 (Frame:1).
[2019.11.12-18.05.27:171][  0]LogSlate: FSceneViewport::OnFocusLost() reason 2
[2019.11.12-18.05.27:493][  0]LogSlate: Window 'Tutoriales' being destroyed
[2019.11.12-18.05.27:604][  0]LogContentBrowser: Native class hierarchy updated for 'HierarchicalLODOutliner' in 0.0004 seconds. Added 0 classes and 0 folders.
[2019.11.12-18.05.27:604][  0]LogLoad: (Engine Initialization) Total time: 96.05 seconds
[2019.11.12-18.05.27:604][  0]LogLoad: (Engine Initialization) Total Blueprint compile time: 0.00 seconds
[2019.11.12-18.05.28:215][  0]LogContentStreaming: Texture pool size now 1000 MB
[2019.11.12-18.05.28:486][  0]LogSlate: Took 0.022048 seconds to synchronously load lazily loaded font '../../../Engine/Content/Slate/Fonts/Roboto-Light.ttf' (167K)
[2019.11.12-18.05.28:898][  2]LogAssetRegistry: Asset discovery search completed in 57.5028 seconds
[2019.11.12-18.05.28:931][  2]LogCollectionManager: Rebuilt the object cache for 0 collections in 0.000001 seconds (found 0 objects)
[2019.11.12-18.05.28:931][  2]LogCollectionManager: Fixed up redirectors for 0 collections in 0.023198 seconds (updated 0 objects)
[2019.11.12-18.05.52:639][752]LogSlate: FSceneViewport::OnFocusLost() reason 2
[2019.11.12-18.05.53:924][896]LogSlate: FSceneViewport::OnFocusLost() reason 2
[2019.11.12-18.05.55:101][896]LogSlate: Window 'Nivel nuevo' being destroyed
[2019.11.12-18.05.55:189][896]Cmd: MAP LOAD FILE="../../../Engine/Content/Maps/Templates/Template_Default.umap" TEMPLATE=1 SHOWPROGRESS=1 FEATURELEVEL=3
[2019.11.12-18.05.55:243][896]LogSlate: Took 0.000221 seconds to synchronously load lazily loaded font '../../../Engine/Content/Slate/Fonts/Roboto-Light.ttf' (167K)
[2019.11.12-18.05.55:270][896]LogSlate: FSceneViewport::OnFocusLost() reason 2
[2019.11.12-18.05.55:278][896]LightingResults: New page: Diseñar la iluminación
[2019.11.12-18.05.55:279][896]LoadErrors: New page: Cargando mapa: Template_Default.umap
[2019.11.12-18.05.55:342][896]MapCheck: New page: Revisión del mapa
[2019.11.12-18.05.55:342][896]LightingResults: New page: Diseñar la iluminación
[2019.11.12-18.05.55:504][896]LogUObjectHash: Compacting FUObjectHashTables data took   2.06ms
[2019.11.12-18.05.55:816][896]LogAIModule: Creating AISystem for world Untitled_1
[2019.11.12-18.05.55:866][896]LogEditorServer: Finished looking for orphan Actors (0.000 secs)
[2019.11.12-18.05.55:891][896]LogUObjectHash: Compacting FUObjectHashTables data took   1.55ms
[2019.11.12-18.05.55:895][896]Cmd: MAP CHECKDEP NOCLEARLOG
[2019.11.12-18.05.55:895][896]MapCheck: Map check complete: 0 Error(s), 0 Warning(s), took 0,195ms to complete.
[2019.11.12-18.05.55:895][896]LogFileHelpers: Loading map 'Template_Default' took 0.734
[2019.11.12-18.06.10:206][580]LogSlate: FSceneViewport::OnFocusLost() reason 0
[2019.11.12-18.06.40:328][116]LogEditorViewport: Clicking on Actor (LMB): StaticMeshActor (Floor)
[2019.11.12-18.06.42:563][275]LogSlate: FSceneViewport::OnFocusLost() reason 0
[2019.11.12-18.06.42:900][296]LogAssetEditorManager: Opening Asset editor for StaticMesh /Game/StarterContent/Architecture/Wall_Door_400x300.Wall_Door_400x300
[2019.11.12-18.06.44:455][296]LogSlate: Took 0.042337 seconds to synchronously load lazily loaded font '../../../Engine/Content/Slate/Fonts/Roboto-Italic.ttf' (157K)
[2019.11.12-18.06.48:067][575]LogSlate: Window 'Wall_Door_400x300' being destroyed
[2019.11.12-18.06.48:071][575]LogSlate: Window 'Wall_Door_400x300' being destroyed
[2019.11.12-18.06.49:803][724]LogActorFactory: Actor Factory created Wall_Door_400x300
[2019.11.12-18.06.51:563][890]LogActorFactory: Actor Factory created Wall_Door_400x300
[2019.11.12-18.06.53:145][ 53]LogSlate: FSceneViewport::OnFocusLost() reason 0
[2019.11.12-18.06.54:201][172]LogEditorViewport: Clicking on Actor (LMB): StaticMeshActor (Floor)
[2019.11.12-18.06.56:130][394]LogEditorViewport: Clicking on Actor (LMB): StaticMeshActor (Wall_Door_400x300)
[2019.11.12-18.07.00:788][931]LogSlate: FSceneViewport::OnFocusLost() reason 0
[2019.11.12-18.07.11:849][192]LogSlate: FSceneViewport::OnFocusLost() reason 0
[2019.11.12-18.07.12:139][220]LogActorFactory: Actor Factory created Wall_Window_400x300
[2019.11.12-18.07.14:252][435]LogActorFactory: Actor Factory created Wall_Window_400x300
[2019.11.12-18.07.43:240][810]LogEditorViewport: Clicking on Actor (LMB): StaticMeshActor (Wall_Window_400x300)
[2019.11.12-18.07.48:539][431]LogEditorViewport: Clicking on Actor (LMB): StaticMeshActor (Floor)
[2019.11.12-18.07.49:666][557]LogEditorViewport: Clicking on Actor (LMB): StaticMeshActor (Wall_Window_400x300)
[2019.11.12-18.08.46:717][949]LogEditorViewport: Clicking on Actor (LMB): StaticMeshActor (Floor)
[2019.11.12-18.08.53:850][785]LogEditorViewport: Clicking on Actor (LMB): StaticMeshActor (Wall_Window_400x300)
[2019.11.12-18.09.43:923][154]LogEditorViewport: Clicking on Actor (context menu): StaticMeshActor (Floor)
[2019.11.12-18.09.44:200][154]LogSlate: FSceneViewport::OnFocusLost() reason 2
[2019.11.12-18.09.45:095][247]LogEditorViewport: Clicking on Actor (context menu): StaticMeshActor (Floor)
[2019.11.12-18.09.45:120][247]LogSlate: FSceneViewport::OnFocusLost() reason 2
[2019.11.12-18.09.46:641][418]LogEditorViewport: Clicking on Actor (context menu): StaticMeshActor (Floor)
[2019.11.12-18.09.46:663][418]LogSlate: FSceneViewport::OnFocusLost() reason 2
[2019.11.12-18.09.47:440][507]LogEditorViewport: Clicking on Actor (LMB): StaticMeshActor (Floor)
[2019.11.12-18.09.54:695][298]LogEditorViewport: Clicking on Actor (LMB): StaticMeshActor (Wall_Window_400x301)
[2019.11.12-18.10.26:085][557]LogEditorViewport: Clicking on Actor (LMB): StaticMeshActor (Wall_Door_400x300)
[2019.11.12-18.10.36:243][563]LogEditorViewport: Clicking on Actor (LMB): StaticMeshActor (Wall_Window_400x300)
[2019.11.12-18.10.47:109][632]LogSlate: FSceneViewport::OnFocusLost() reason 0
[2019.11.12-18.10.47:412][657]LogActorFactory: Actor Factory created Wall_400x300
[2019.11.12-18.10.48:577][768]LogActorFactory: Actor Factory created Wall_400x300
[2019.11.12-18.10.52:372][152]LogEditorViewport: Clicking on Actor (LMB): StaticMeshActor (Wall_400x300)
[2019.11.12-18.11.20:866][329]LogSlate: FSceneViewport::OnFocusLost() reason 0
[2019.11.12-18.11.27:583][110]LogSlate: FSceneViewport::OnFocusLost() reason 0
[2019.11.12-18.11.38:895][312]LogEditorViewport: Clicking on Actor (LMB): StaticMeshActor (Wall_400x300)
[2019.11.12-18.11.41:365][582]LogSlate: FSceneViewport::OnFocusLost() reason 0
[2019.11.12-18.11.45:025][980]LogSlate: FSceneViewport::OnFocusLost() reason 0
[2019.11.12-18.12.22:955][919]LogEditorViewport: Clicking on Actor (LMB): StaticMeshActor (Floor)
[2019.11.12-18.12.24:795][105]LogEditorViewport: Clicking on Actor (LMB): StaticMeshActor (Wall_400x300)
[2019.11.12-18.12.52:187][ 88]LogSlate: FSceneViewport::OnFocusLost() reason 0
[2019.11.12-18.13.07:052][777]LogEditorViewport: Clicking on Actor (LMB): StaticMeshActor (Wall_400x300)
[2019.11.12-18.13.14:258][608]LogSlate: FSceneViewport::OnFocusLost() reason 0
[2019.11.12-18.13.21:862][489]LogSlate: FSceneViewport::OnFocusLost() reason 0
[2019.11.12-18.13.52:118][917]LogEditorViewport: Clicking on Actor (LMB): StaticMeshActor (Wall_400x300)
[2019.11.12-18.13.52:739][975]LogEditorViewport: Clicking on Actor (LMB): PlayerStart (Player Start)
[2019.11.12-18.13.56:889][452]LogNavigationPoint: PostEditMove Clear paths rebuilt
[2019.11.12-18.13.58:555][642]Cmd: TRANSACTION UNDO
[2019.11.12-18.13.58:555][642]LogEditorTransaction: Undo Scale Actors
[2019.11.12-18.14.00:703][866]Cmd: TRANSACTION UNDO
[2019.11.12-18.14.00:703][866]LogEditorTransaction: Undo Pinchar en los actores
[2019.11.12-18.14.01:486][951]LogSlate: FSceneViewport::OnFocusLost() reason 0
[2019.11.12-18.14.02:945][120]LogEditorViewport: Clicking on Actor (LMB): PlayerStart (Player Start)
[2019.11.12-18.14.06:671][553]LogNavigationPoint: PostEditMove Clear paths rebuilt
[2019.11.12-18.14.06:996][589]Cmd: TRANSACTION UNDO
[2019.11.12-18.14.06:996][589]LogEditorTransaction: Undo Move Actors
[2019.11.12-18.14.10:049][934]LogNavigationPoint: PostEditMove Clear paths rebuilt
[2019.11.12-18.14.10:276][958]Cmd: TRANSACTION UNDO
[2019.11.12-18.14.10:276][958]LogEditorTransaction: Undo Move Actors
[2019.11.12-18.14.16:905][649]LogNavigationPoint: PostEditMove Clear paths rebuilt
[2019.11.12-18.14.18:455][826]LogSlate: FSceneViewport::OnFocusLost() reason 0
[2019.11.12-18.14.18:526][834]LogTemp: Repeating last play command: Selected Viewport
[2019.11.12-18.14.18:574][834]LogBlueprintUserMessages: Early PlayInEditor Detection: Level '/Temp/Untitled_1.Untitled_1:PersistentLevel' has LevelScriptBlueprint '/Temp/Untitled_1.Untitled_1:PersistentLevel.Untitled' with GeneratedClass '/Temp/Untitled_1.Untitled_C' with ClassGeneratedBy '/Temp/Untitled_1.Untitled_1:PersistentLevel.Untitled'
[2019.11.12-18.14.18:589][834]LogPlayLevel: PlayLevel: No blueprints needed recompiling
[2019.11.12-18.14.18:626][834]PIE: New page: Sesión PIE (reproducción en el editor): Untitled_1 (12/11/2019 12:14:18)
[2019.11.12-18.14.18:724][834]LogPlayLevel: Creating play world package: /Temp/UEDPIE_0_Untitled_1
[2019.11.12-18.14.18:772][834]LogPlayLevel: PIE: StaticDuplicateObject took: (0.047779s)
[2019.11.12-18.14.18:800][834]LogAIModule: Creating AISystem for world Untitled_1
[2019.11.12-18.14.18:812][834]LogPlayLevel: PIE: World Init took: (0.040105s)
[2019.11.12-18.14.18:812][834]LogPlayLevel: PIE: Created PIE world by copying editor world from /Temp/Untitled_1.Untitled_1 to /Temp/UEDPIE_0_Untitled_1.Untitled_1 (0.088327s)
[2019.11.12-18.14.18:884][834]LogUObjectHash: Compacting FUObjectHashTables data took   2.01ms
[2019.11.12-18.14.18:922][834]LogInit: XAudio2 using 'Altavoces (Realtek High Definition Audio)' : 2 channels at 48 kHz using 32 bits per sample (channel mask 0x3)
[2019.11.12-18.14.18:947][834]LogInit: FAudioDevice initialized.
[2019.11.12-18.14.19:033][834]LogLoad: Game class is 'ThirdPersonGameMode_C'
[2019.11.12-18.14.19:110][834]LogWorld: Bringing World /Temp/UEDPIE_0_Untitled_1.Untitled_1 up for play (max tick rate 0) at 2019.11.12-15.14.19
[2019.11.12-18.14.19:123][834]LogWorld: Bringing up level for play took: 0.012995
[2019.11.12-18.14.19:392][834]LogContentBrowser: Native class hierarchy updated for 'MovieSceneCapture' in 0.0005 seconds. Added 20 classes and 0 folders.
[2019.11.12-18.14.19:446][834]PIE: Tiempo de inicio de la reproducción en el editor para  /Temp/UEDPIE_0_Untitled_1 0,07
[2019.11.12-18.14.19:446][834]LogBlueprintUserMessages: Late PlayInEditor Detection: Level '/Temp/Untitled_1.Untitled_1:PersistentLevel' has LevelScriptBlueprint '/Temp/Untitled_1.Untitled_1:PersistentLevel.Untitled' with GeneratedClass '/Temp/Untitled_1.Untitled_C' with ClassGeneratedBy '/Temp/Untitled_1.Untitled_1:PersistentLevel.Untitled'
[2019.11.12-18.14.28:661][898]LogBlueprintUserMessages: Early EndPlayMap Detection: Level '/Temp/Untitled_1.Untitled_1:PersistentLevel' has LevelScriptBlueprint '/Temp/Untitled_1.Untitled_1:PersistentLevel.Untitled' with GeneratedClass '/Temp/Untitled_1.Untitled_C' with ClassGeneratedBy '/Temp/Untitled_1.Untitled_1:PersistentLevel.Untitled'
[2019.11.12-18.14.28:672][898]LogSlate: Updating window title bar state: overlay mode, drag disabled, window buttons hidden, title bar hidden
[2019.11.12-18.14.28:716][898]LogPlayLevel: Display: Shutting down PIE online subsystems
[2019.11.12-18.14.28:717][898]LogBlueprintUserMessages: Late EndPlayMap Detection: Level '/Temp/Untitled_1.Untitled_1:PersistentLevel' has LevelScriptBlueprint '/Temp/Untitled_1.Untitled_1:PersistentLevel.Untitled' with GeneratedClass '/Temp/Untitled_1.Untitled_C' with ClassGeneratedBy '/Temp/Untitled_1.Untitled_1:PersistentLevel.Untitled'
[2019.11.12-18.14.28:773][898]LogSlate: Updating window title bar state: overlay mode, drag disabled, window buttons hidden, title bar hidden
[2019.11.12-18.14.28:811][898]LogUObjectHash: Compacting FUObjectHashTables data took   2.11ms
[2019.11.12-18.14.28:863][899]LogPlayLevel: Display: Destroying online subsystem :Context_5
[2019.11.12-18.14.58:418][278]LogSlate: FSceneViewport::OnFocusLost() reason 0
[2019.11.12-18.15.32:682][899]LogSlate: FSceneViewport::OnFocusLost() reason 0
[2019.11.12-18.15.32:749][907]LogTemp: Repeating last play command: Selected Viewport
[2019.11.12-18.15.32:763][907]LogBlueprintUserMessages: Early PlayInEditor Detection: Level '/Temp/Untitled_1.Untitled_1:PersistentLevel' has LevelScriptBlueprint '/Temp/Untitled_1.Untitled_1:PersistentLevel.Untitled' with GeneratedClass '/Temp/Untitled_1.Untitled_C' with ClassGeneratedBy '/Temp/Untitled_1.Untitled_1:PersistentLevel.Untitled'
[2019.11.12-18.15.32:763][907]LogPlayLevel: PlayLevel: No blueprints needed recompiling
[2019.11.12-18.15.32:763][907]PIE: New page: Sesión PIE (reproducción en el editor): Untitled_1 (12/11/2019 12:15:32)
[2019.11.12-18.15.32:763][907]LogPlayLevel: Creating play world package: /Temp/UEDPIE_0_Untitled_1
[2019.11.12-18.15.32:766][907]LogPlayLevel: PIE: StaticDuplicateObject took: (0.003265s)
[2019.11.12-18.15.32:767][907]LogAIModule: Creating AISystem for world Untitled_1
[2019.11.12-18.15.32:779][907]LogPlayLevel: PIE: World Init took: (0.012172s)
[2019.11.12-18.15.32:779][907]LogPlayLevel: PIE: Created PIE world by copying editor world from /Temp/Untitled_1.Untitled_1 to /Temp/UEDPIE_0_Untitled_1.Untitled_1 (0.015613s)
[2019.11.12-18.15.32:803][907]LogUObjectHash: Compacting FUObjectHashTables data took   1.57ms
[2019.11.12-18.15.32:818][907]LogInit: XAudio2 using 'Altavoces (Realtek High Definition Audio)' : 2 channels at 48 kHz using 32 bits per sample (channel mask 0x3)
[2019.11.12-18.15.32:841][907]LogInit: FAudioDevice initialized.
[2019.11.12-18.15.32:869][907]LogLoad: Game class is 'ThirdPersonGameMode_C'
[2019.11.12-18.15.32:870][907]LogWorld: Bringing World /Temp/UEDPIE_0_Untitled_1.Untitled_1 up for play (max tick rate 0) at 2019.11.12-15.15.32
[2019.11.12-18.15.32:870][907]LogWorld: Bringing up level for play took: 0.000728
[2019.11.12-18.15.32:884][907]PIE: Tiempo de inicio de la reproducción en el editor para  /Temp/UEDPIE_0_Untitled_1 -0,491
[2019.11.12-18.15.32:884][907]LogBlueprintUserMessages: Late PlayInEditor Detection: Level '/Temp/Untitled_1.Untitled_1:PersistentLevel' has LevelScriptBlueprint '/Temp/Untitled_1.Untitled_1:PersistentLevel.Untitled' with GeneratedClass '/Temp/Untitled_1.Untitled_C' with ClassGeneratedBy '/Temp/Untitled_1.Untitled_1:PersistentLevel.Untitled'
[2019.11.12-18.16.49:729][110]LogBlueprintUserMessages: Early EndPlayMap Detection: Level '/Temp/Untitled_1.Untitled_1:PersistentLevel' has LevelScriptBlueprint '/Temp/Untitled_1.Untitled_1:PersistentLevel.Untitled' with GeneratedClass '/Temp/Untitled_1.Untitled_C' with ClassGeneratedBy '/Temp/Untitled_1.Untitled_1:PersistentLevel.Untitled'
[2019.11.12-18.16.49:730][110]LogSlate: Updating window title bar state: overlay mode, drag disabled, window buttons hidden, title bar hidden
[2019.11.12-18.16.49:760][110]LogPlayLevel: Display: Shutting down PIE online subsystems
[2019.11.12-18.16.49:761][110]LogBlueprintUserMessages: Late EndPlayMap Detection: Level '/Temp/Untitled_1.Untitled_1:PersistentLevel' has LevelScriptBlueprint '/Temp/Untitled_1.Untitled_1:PersistentLevel.Untitled' with GeneratedClass '/Temp/Untitled_1.Untitled_C' with ClassGeneratedBy '/Temp/Untitled_1.Untitled_1:PersistentLevel.Untitled'
[2019.11.12-18.16.49:838][110]LogSlate: Updating window title bar state: overlay mode, drag disabled, window buttons hidden, title bar hidden
[2019.11.12-18.16.49:842][110]LogUObjectHash: Compacting FUObjectHashTables data took   1.72ms
[2019.11.12-18.16.49:854][111]LogPlayLevel: Display: Destroying online subsystem :Context_6
[2019.11.12-18.17.21:290][557]LogUObjectHash: Compacting FUObjectHashTables data took   0.68ms
[2019.11.12-18.17.21:480][557]LogSavePackage: Moving '../../../../../../GameDevelop/gitignore/BootcampUnreal/BootcampUnreal/Saved/Untitled_1_Auto1FB28331C4C02BB8EE084739FE93E3480.tmp' to '../../../../../../GameDevelop/gitignore/BootcampUnreal/BootcampUnreal/Saved/Autosaves/Temp/Untitled_1_Auto1.umap'
[2019.11.12-18.17.21:527][557]LogFileHelpers: Editor autosave (incl. sublevels) for '/Temp/Untitled_1' took 0.258
[2019.11.12-18.17.21:527][557]LogFileHelpers: Editor autosave (incl. sublevels) for all levels took 0.258
[2019.11.12-21.55.28:484][991]LogSlate: FSceneViewport::OnFocusLost() reason 2
[2019.11.12-21.55.56:402][991]LogSlate: Window 'Guardar nivel como' being destroyed
[2019.11.12-21.55.56:797][991]LogSlate: FSceneViewport::OnFocusLost() reason 2
[2019.11.12-21.55.57:886][991]LogUObjectHash: Compacting FUObjectHashTables data took   4.57ms
[2019.11.12-21.55.57:888][991]Cmd: OBJ SAVEPACKAGE PACKAGE="/Game/NewMap" FILE="../../../../../../GameDevelop/gitignore/BootcampUnreal/BootcampUnreal/Content/NewMap.umap" SILENT=true AUTOSAVING=false KEEPDIRTY=false
[2019.11.12-21.55.57:920][991]LogUObjectHash: Compacting FUObjectHashTables data took   1.51ms
[2019.11.12-21.55.58:390][991]LogSavePackage: Moving '../../../../../../GameDevelop/gitignore/BootcampUnreal/BootcampUnreal/Saved/NewMapBC1D484E478C03389FFE3FB438FD5C26.tmp' to '../../../../../../GameDevelop/gitignore/BootcampUnreal/BootcampUnreal/Content/NewMap.umap'
[2019.11.12-21.55.58:893][991]Cmd: OBJ SAVEPACKAGE PACKAGE="/Game/NewMap_BuiltData" FILE="../../../../../../GameDevelop/gitignore/BootcampUnreal/BootcampUnreal/Content/NewMap_BuiltData.uasset" SILENT=true
[2019.11.12-21.55.58:914][991]LogSavePackage: Moving '../../../../../../GameDevelop/gitignore/BootcampUnreal/BootcampUnreal/Saved/NewMap_BuiltData21B760B346625289E3565487141090B8.tmp' to '../../../../../../GameDevelop/gitignore/BootcampUnreal/BootcampUnreal/Content/NewMap_BuiltData.uasset'
[2019.11.12-21.55.58:922][991]LogFileHelpers: Saving map 'NewMap' took 2.133
[2019.11.12-21.56.00:438][145]LogSlate: FSceneViewport::OnFocusLost() reason 0
[2019.11.12-21.56.00:547][155]LogUObjectHash: Compacting FUObjectHashTables data took   2.05ms
[2019.11.12-21.56.00:689][155]LogSlate: Window 'BootcampUnreal - Unreal Editor' being destroyed
[2019.11.12-21.56.01:419][156]Cmd: QUIT_EDITOR
[2019.11.12-21.56.02:819][156]LogWindowsTextInputMethodSystem: Display: IME system now deactivated.
[2019.11.12-21.56.03:706][156]LogExit: Preparing to exit.
[2019.11.12-21.56.09:698][156]LogExit: Editor shut down
[2019.11.12-21.56.09:699][156]LogExit: Transaction tracking system shut down
[2019.11.12-21.56.14:071][156]LogExit: Object subsystem successfully closed.
[2019.11.12-21.56.14:344][156]LogShaderCompilers: Display: Shaders left to compile 0
[2019.11.12-21.56.14:375][156]LogD3D11RHI: Shutdown
[2019.11.12-21.56.14:375][156]LogD3D11RHI: CleanupD3DDevice
[2019.11.12-21.56.14:393][156]LogRendererCore: FGlobalReadBuffer::ReleaseRHI
[2019.11.12-21.56.14:393][156]LogRendererCore: FGlobalDynamicReadBuffer::Cleanup()
[2019.11.12-21.56.14:404][156]LogRendererCore: FGlobalReadBuffer::ReleaseRHI
[2019.11.12-21.56.14:404][156]LogRendererCore: FGlobalDynamicReadBuffer::Cleanup()
[2019.11.12-21.56.14:404][156]LogRendererCore: FGlobalReadBuffer::ReleaseRHI
[2019.11.12-21.56.14:404][156]LogRendererCore: FGlobalDynamicReadBuffer::Cleanup()
[2019.11.12-21.56.14:946][156]LogD3D11RHI: ~FD3D11DynamicRHI
[2019.11.12-21.56.18:847][156]LogModuleManager: Shutting down and abandoning module MovieSceneCapture (652)
[2019.11.12-21.56.18:847][156]LogModuleManager: Shutting down and abandoning module Voice (650)
[2019.11.12-21.56.18:854][156]LogModuleManager: Shutting down and abandoning module StaticMeshEditor (648)
[2019.11.12-21.56.18:854][156]LogModuleManager: Shutting down and abandoning module HierarchicalLODUtilities (646)
[2019.11.12-21.56.18:864][156]LogModuleManager: Shutting down and abandoning module NewLevelDialog (644)
[2019.11.12-21.56.18:864][156]LogModuleManager: Shutting down and abandoning module HierarchicalLODOutliner (642)
[2019.11.12-21.56.18:864][156]LogModuleManager: Shutting down and abandoning module SceneOutliner (640)
[2019.11.12-21.56.18:864][156]LogModuleManager: Shutting down and abandoning module AddContentDialog (638)
[2019.11.12-21.56.18:892][156]LogModuleManager: Shutting down and abandoning module WidgetCarousel (637)
[2019.11.12-21.56.18:892][156]LogModuleManager: Shutting down and abandoning module EditorWidgets (634)
[2019.11.12-21.56.18:892][156]LogModuleManager: Shutting down and abandoning module CollectionManager (632)
[2019.11.12-21.56.19:129][156]LogModuleManager: Shutting down and abandoning module StatsViewer (630)
[2019.11.12-21.56.19:164][156]LogModuleManager: Shutting down and abandoning module FoliageEdit (628)
[2019.11.12-21.56.19:176][156]LogModuleManager: Shutting down and abandoning module LandscapeEditor (626)
[2019.11.12-21.56.19:198][156]LogModuleManager: Shutting down and abandoning module MeshPaintMode (624)
[2019.11.12-21.56.19:205][156]LogModuleManager: Shutting down and abandoning module SceneDepthPickerMode (622)
[2019.11.12-21.56.19:205][156]LogModuleManager: Shutting down and abandoning module ActorPickerMode (620)
[2019.11.12-21.56.19:205][156]LogModuleManager: Shutting down and abandoning module GeometryMode (618)
[2019.11.12-21.56.19:205][156]LogModuleManager: Shutting down and abandoning module TextureAlignMode (616)
[2019.11.12-21.56.19:205][156]LogModuleManager: Shutting down and abandoning module BspMode (614)
[2019.11.12-21.56.19:215][156]LogModuleManager: Shutting down and abandoning module PIEPreviewDeviceProfileSelector (612)
[2019.11.12-21.56.19:226][156]LogModuleManager: Shutting down and abandoning module SequenceRecorderSections (610)
[2019.11.12-21.56.19:239][156]LogModuleManager: Shutting down and abandoning module AutomationWorker (608)
[2019.11.12-21.56.19:254][156]LogModuleManager: Shutting down and abandoning module OculusMR (606)
[2019.11.12-21.56.19:254][156]LogModuleManager: Shutting down and abandoning module AudioCaptureEditor (604)
[2019.11.12-21.56.19:262][156]LogModuleManager: Shutting down and abandoning module MatineeToLevelSequence (602)
[2019.11.12-21.56.19:270][156]LogModuleManager: Shutting down and abandoning module LevelSequenceEditor (600)
[2019.11.12-21.56.19:299][156]LogModuleManager: Shutting down and abandoning module PlacementMode (599)
[2019.11.12-21.56.19:300][156]LogModuleManager: Shutting down and abandoning module MaterialEditor (598)
[2019.11.12-21.56.19:323][156]LogModuleManager: Shutting down and abandoning module ActorSequenceEditor (594)
[2019.11.12-21.56.19:340][156]LogModuleManager: Shutting down and abandoning module WmfMediaFactory (592)
[2019.11.12-21.56.19:340][156]LogModuleManager: Shutting down and abandoning module WmfMediaEditor (590)
[2019.11.12-21.56.19:340][156]LogModuleManager: Shutting down and abandoning module WebMMediaFactory (588)
[2019.11.12-21.56.19:340][156]LogModuleManager: Shutting down and abandoning module WebMMediaEditor (586)
[2019.11.12-21.56.19:340][156]LogModuleManager: Shutting down and abandoning module WebMMedia (584)
[2019.11.12-21.56.19:345][156]LogModuleManager: Shutting down and abandoning module MediaPlayerEditor (582)
[2019.11.12-21.56.19:354][156]LogModuleManager: Shutting down and abandoning module MediaCompositingEditor (580)
[2019.11.12-21.56.19:443][156]LogModuleManager: Shutting down and abandoning module SequenceRecorder (579)
[2019.11.12-21.56.19:443][156]LogModuleManager: Shutting down and abandoning module OpenExrWrapper (576)
[2019.11.12-21.56.19:443][156]LogModuleManager: Shutting down and abandoning module ImgMediaFactory (574)
[2019.11.12-21.56.19:443][156]LogModuleManager: Shutting down and abandoning module ImgMediaEditor (572)
[2019.11.12-21.56.19:443][156]LogModuleManager: Shutting down and abandoning module AvfMediaFactory (570)
[2019.11.12-21.56.19:443][156]LogModuleManager: Shutting down and abandoning module AvfMediaEditor (568)
[2019.11.12-21.56.19:443][156]LogModuleManager: Shutting down and abandoning module AndroidMediaFactory (566)
[2019.11.12-21.56.19:443][156]LogModuleManager: Shutting down and abandoning module AndroidMediaEditor (564)
[2019.11.12-21.56.19:443][156]LogModuleManager: Shutting down and abandoning module MagicLeapCameraPreviewFactory (562)
[2019.11.12-21.56.19:443][156]LogModuleManager: Shutting down and abandoning module MagicLeapMediaCodecFactory (560)
[2019.11.12-21.56.19:443][156]LogModuleManager: Shutting down and abandoning module MagicLeapMediaFactory (558)
[2019.11.12-21.56.19:443][156]LogModuleManager: Shutting down and abandoning module MagicLeapMediaEditor (556)
[2019.11.12-21.56.19:443][156]LogModuleManager: Shutting down and abandoning module CharacterAI (554)
[2019.11.12-21.56.19:443][156]LogModuleManager: Shutting down and abandoning module SmartSnapping (552)
[2019.11.12-21.56.19:443][156]LogModuleManager: Shutting down and abandoning module SessionServices (550)
[2019.11.12-21.56.19:443][156]LogModuleManager: Shutting down and abandoning module MeshPaint (548)
[2019.11.12-21.56.19:452][156]LogModuleManager: Shutting down and abandoning module ViewportSnapping (546)
[2019.11.12-21.56.19:452][156]LogModuleManager: Shutting down and abandoning module ViewportInteraction (544)
[2019.11.12-21.56.19:452][156]LogModuleManager: Shutting down and abandoning module ClothPainter (542)
[2019.11.12-21.56.19:476][156]LogModuleManager: Shutting down and abandoning module SkeletalMeshEditor (541)
[2019.11.12-21.56.19:504][156]LogModuleManager: Shutting down and abandoning module LogVisualizer (538)
[2019.11.12-21.56.19:611][156]LogModuleManager: Shutting down and abandoning module IntroTutorials (536)
[2019.11.12-21.56.19:659][156]LogModuleManager: Shutting down and abandoning module GameProjectGeneration (535)
[2019.11.12-21.56.19:707][156]LogModuleManager: Shutting down and abandoning module LuminPlatformEditor (532)
[2019.11.12-21.56.19:707][156]LogModuleManager: Shutting down and abandoning module IOSPlatformEditor (530)
[2019.11.12-21.56.19:707][156]LogModuleManager: Shutting down and abandoning module HTML5PlatformEditor (528)
[2019.11.12-21.56.19:707][156]LogModuleManager: Shutting down and abandoning module AndroidPlatformEditor (526)
[2019.11.12-21.56.19:723][156]LogModuleManager: Shutting down and abandoning module AndroidDeviceDetection (525)
[2019.11.12-21.56.20:745][156]LogModuleManager: Shutting down and abandoning module WindowsPlatformEditor (522)
[2019.11.12-21.56.20:745][156]LogModuleManager: Shutting down and abandoning module LuminRuntimeSettings (520)
[2019.11.12-21.56.20:745][156]LogModuleManager: Shutting down and abandoning module IOSRuntimeSettings (518)
[2019.11.12-21.56.20:745][156]LogModuleManager: Shutting down and abandoning module AndroidRuntimeSettings (516)
[2019.11.12-21.56.20:746][156]LogModuleManager: Shutting down and abandoning module TimeManagementEditor (514)
[2019.11.12-21.56.20:746][156]LogModuleManager: Shutting down and abandoning module InputBindingEditor (512)
[2019.11.12-21.56.20:758][156]LogModuleManager: Shutting down and abandoning module MergeActors (510)
[2019.11.12-21.56.20:808][156]LogModuleManager: Shutting down and abandoning module LocalizationDashboard (508)
[2019.11.12-21.56.20:888][156]LogModuleManager: Shutting down and abandoning module LocalizationService (507)
[2019.11.12-21.56.20:897][156]LogModuleManager: Shutting down and abandoning module HardwareTargeting (504)
[2019.11.12-21.56.20:897][156]LogModuleManager: Shutting down and abandoning module DeviceProfileEditor (502)
[2019.11.12-21.56.20:900][156]LogModuleManager: Shutting down and abandoning module UndoHistory (500)
[2019.11.12-21.56.20:911][156]LogModuleManager: Shutting down and abandoning module XmlParser (498)
[2019.11.12-21.56.20:925][156]LogModuleManager: Shutting down and abandoning module Blutility (496)
[2019.11.12-21.56.20:925][156]LogModuleManager: Shutting down and abandoning module ProjectSettingsViewer (494)
[2019.11.12-21.56.20:925][156]LogModuleManager: Shutting down and abandoning module ProjectTargetPlatformEditor (493)
[2019.11.12-21.56.20:925][156]LogModuleManager: Shutting down and abandoning module EditorSettingsViewer (490)
[2019.11.12-21.56.20:925][156]LogModuleManager: Shutting down and abandoning module SettingsEditor (488)
[2019.11.12-21.56.20:943][156]LogModuleManager: Shutting down and abandoning module ProjectLauncher (486)
[2019.11.12-21.56.20:957][156]LogModuleManager: Shutting down and abandoning module SessionFrontend (484)
[2019.11.12-21.56.20:965][156]LogModuleManager: Shutting down and abandoning module ProfilerClient (482)
[2019.11.12-21.56.20:977][156]LogModuleManager: Shutting down and abandoning module DeviceManager (480)
[2019.11.12-21.56.20:990][156]LogModuleManager: Shutting down and abandoning module TargetDeviceServices (479)
[2019.11.12-21.56.21:034][156]LogModuleManager: Shutting down and abandoning module AutomationController (476)
[2019.11.12-21.56.21:051][156]LogModuleManager: Shutting down and abandoning module AutomationWindow (474)
[2019.11.12-21.56.21:067][156]LogModuleManager: Shutting down and abandoning module Layers (472)
[2019.11.12-21.56.21:164][156]LogModuleManager: Shutting down and abandoning module ComponentVisualizers (470)
[2019.11.12-21.56.21:164][156]LogModuleManager: Shutting down and abandoning module DetailCustomizations (468)
[2019.11.12-21.56.21:173][156]LogModuleManager: Shutting down and abandoning module PackagesDialog (466)
[2019.11.12-21.56.21:173][156]LogModuleManager: Shutting down and abandoning module AnimationBlueprintEditor (464)
[2019.11.12-21.56.21:203][156]LogModuleManager: Shutting down and abandoning module Persona (462)
[2019.11.12-21.56.21:295][156]LogModuleManager: Shutting down and abandoning module AdvancedPreviewScene (461)
[2019.11.12-21.56.21:295][156]LogModuleManager: Shutting down and abandoning module AnimGraph (459)
[2019.11.12-21.56.21:295][156]LogModuleManager: Shutting down and abandoning module Kismet (456)
